d:\vsexercise\serialport\serialport\x64\debug\vc140.pdb
d:\vsexercise\serialport\serialport\x64\debug\serialport.obj
d:\vsexercise\serialport\serialport\x64\debug\main.obj
d:\vsexercise\serialport\serialport\x64\debug\moc_serialport.obj
d:\vsexercise\serialport\serialport\x64\debug\qrc_serialport.obj
d:\vsexercise\serialport\serialport\x64\debug\serialportui.obj
d:\vsexercise\serialport\serialport\x64\debug\moc_serialportui.obj
d:\vsexercise\serialport\serialport\x64\debug\serialportcommon.obj
d:\vsexercise\serialport\serialport\x64\debug\moc_serialportcommon.obj
d:\vsexercise\serialport\serialport\generatedfiles\qrc_serialport.cpp
d:\vsexercise\serialport\serialport\generatedfiles\debug\moc_serialportui.cpp
d:\vsexercise\serialport\serialport\generatedfiles\ui_serialport.h
d:\vsexercise\serialport\serialport\generatedfiles\debug\moc_serialportcommon.cpp
d:\vsexercise\serialport\x64\debug\serialport.ilk
d:\vsexercise\serialport\x64\debug\serialport.exe
d:\vsexercise\serialport\x64\debug\serialport.pdb
f:\personal\serialport\serialport\serialport\x64\debug\main.obj
f:\personal\serialport\serialport\serialport\x64\debug\moc_serialport.obj
f:\personal\serialport\serialport\serialport\x64\debug\moc_serialportcommon.obj
f:\personal\serialport\serialport\serialport\x64\debug\moc_serialportui.obj
f:\personal\serialport\serialport\serialport\x64\debug\qrc_serialport.obj
f:\personal\serialport\serialport\serialport\x64\debug\serialport.obj
f:\personal\serialport\serialport\serialport\x64\debug\serialportcommon.obj
f:\personal\serialport\serialport\serialport\x64\debug\serialportui.obj
f:\personal\serialport\serialport\serialport\x64\debug\vc140.pdb
f:\personal\serialport\serialport\x64\debug\serialport.pdb
f:\personal\serialport\serialport\x64\debug\serialport.exe
f:\personal\serialport\serialport\x64\debug\serialport.ilk
f:\personal\serialport\serialport\serialport\x64\debug\serialport.tlog\cl.command.1.tlog
f:\personal\serialport\serialport\serialport\x64\debug\serialport.tlog\cl.read.1.tlog
f:\personal\serialport\serialport\serialport\x64\debug\serialport.tlog\cl.write.1.tlog
f:\personal\serialport\serialport\serialport\x64\debug\serialport.tlog\custombuild.command.1.tlog
f:\personal\serialport\serialport\serialport\x64\debug\serialport.tlog\custombuild.read.1.tlog
f:\personal\serialport\serialport\serialport\x64\debug\serialport.tlog\custombuild.write.1.tlog
f:\personal\serialport\serialport\serialport\x64\debug\serialport.tlog\link.command.1.tlog
f:\personal\serialport\serialport\serialport\x64\debug\serialport.tlog\link.read.1.tlog
f:\personal\serialport\serialport\serialport\x64\debug\serialport.tlog\link.write.1.tlog
