  main.cpp
  serialportui.cpp
  正在生成代码...
  qrc_serialport.cpp
moc_SerialPortCommon.obj : error LNK2019: 无法解析的外部符号 "__declspec(dllimport) public: static void __cdecl QMetaObject::activate(class QObject *,struct QMetaObject const *,int,void * *)" (__imp_?activate@QMetaObject@@SAXPEAVQObject@@PEBU1@HPEAPEAX@Z)，该符号在函数 "public: void __cdecl SerialPortCommon::readFinished(void)" (?readFinished@SerialPortCommon@@QEAAXXZ) 中被引用
moc_SerialPortCommon.obj : error LNK2019: 无法解析的外部符号 "__declspec(dllimport) public: struct QMetaObject * __cdecl QObjectData::dynamicMetaObject(void)const " (__imp_?dynamicMetaObject@QObjectData@@QEBAPEAUQMetaObject@@XZ)，该符号在函数 "public: virtual struct QMetaObject const * __cdecl SerialPortCommon::metaObject(void)const " (?metaObject@SerialPortCommon@@UEBAPEBUQMetaObject@@XZ) 中被引用
moc_serialportui.obj : error LNK2001: 无法解析的外部符号 "__declspec(dllimport) public: struct QMetaObject * __cdecl QObjectData::dynamicMetaObject(void)const " (__imp_?dynamicMetaObject@QObjectData@@QEBAPEAUQMetaObject@@XZ)
moc_SerialPortCommon.obj : error LNK2019: 无法解析的外部符号 "__declspec(dllimport) public: virtual void * __cdecl QObject::qt_metacast(char const *)" (__imp_?qt_metacast@QObject@@UEAAPEAXPEBD@Z)，该符号在函数 "public: virtual void * __cdecl SerialPortCommon::qt_metacast(char const *)" (?qt_metacast@SerialPortCommon@@UEAAPEAXPEBD@Z) 中被引用
moc_SerialPortCommon.obj : error LNK2019: 无法解析的外部符号 "__declspec(dllimport) public: virtual int __cdecl QObject::qt_metacall(enum QMetaObject::Call,int,void * *)" (__imp_?qt_metacall@QObject@@UEAAHW4Call@QMetaObject@@HPEAPEAX@Z)，该符号在函数 "public: virtual int __cdecl SerialPortCommon::qt_metacall(enum QMetaObject::Call,int,void * *)" (?qt_metacall@SerialPortCommon@@UEAAHW4Call@QMetaObject@@HPEAPEAX@Z) 中被引用
moc_SerialPortCommon.obj : error LNK2001: 无法解析的外部符号 "__declspec(dllimport) public: static struct QMetaObject const QObject::staticMetaObject" (__imp_?staticMetaObject@QObject@@2UQMetaObject@@B)
moc_serialportui.obj : error LNK2019: 无法解析的外部符号 "__declspec(dllimport) public: virtual void * __cdecl QWidget::qt_metacast(char const *)" (__imp_?qt_metacast@QWidget@@UEAAPEAXPEBD@Z)，该符号在函数 "public: virtual void * __cdecl SerialPortUI::qt_metacast(char const *)" (?qt_metacast@SerialPortUI@@UEAAPEAXPEBD@Z) 中被引用
moc_serialportui.obj : error LNK2019: 无法解析的外部符号 "__declspec(dllimport) public: virtual int __cdecl QWidget::qt_metacall(enum QMetaObject::Call,int,void * *)" (__imp_?qt_metacall@QWidget@@UEAAHW4Call@QMetaObject@@HPEAPEAX@Z)，该符号在函数 "public: virtual int __cdecl SerialPortUI::qt_metacall(enum QMetaObject::Call,int,void * *)" (?qt_metacall@SerialPortUI@@UEAAHW4Call@QMetaObject@@HPEAPEAX@Z) 中被引用
moc_serialportui.obj : error LNK2001: 无法解析的外部符号 "__declspec(dllimport) public: static struct QMetaObject const QWidget::staticMetaObject" (__imp_?staticMetaObject@QWidget@@2UQMetaObject@@B)
main.obj : error LNK2019: 无法解析的外部符号 "__declspec(dllimport) public: __cdecl QString::~QString(void)" (__imp_??1QString@@QEAA@XZ)，该符号在函数 main 中被引用
SerialPortCommon.obj : error LNK2001: 无法解析的外部符号 "__declspec(dllimport) public: __cdecl QString::~QString(void)" (__imp_??1QString@@QEAA@XZ)
serialportui.obj : error LNK2001: 无法解析的外部符号 "__declspec(dllimport) public: __cdecl QString::~QString(void)" (__imp_??1QString@@QEAA@XZ)
main.obj : error LNK2019: 无法解析的外部符号 "__declspec(dllimport) public: __cdecl QString::QString(char const *)" (__imp_??0QString@@QEAA@PEBD@Z)，该符号在函数 main 中被引用
serialportui.obj : error LNK2001: 无法解析的外部符号 "__declspec(dllimport) public: __cdecl QString::QString(char const *)" (__imp_??0QString@@QEAA@PEBD@Z)
main.obj : error LNK2019: 无法解析的外部符号 "__declspec(dllimport) public: void __cdecl QWidget::show(void)" (__imp_?show@QWidget@@QEAAXXZ)，该符号在函数 main 中被引用
main.obj : error LNK2019: 无法解析的外部符号 "__declspec(dllimport) public: __cdecl QApplication::QApplication(int &,char * *,int)" (__imp_??0QApplication@@QEAA@AEAHPEAPEADH@Z)，该符号在函数 main 中被引用
main.obj : error LNK2019: 无法解析的外部符号 "__declspec(dllimport) public: virtual __cdecl QApplication::~QApplication(void)" (__imp_??1QApplication@@UEAA@XZ)，该符号在函数 main 中被引用
main.obj : error LNK2019: 无法解析的外部符号 "__declspec(dllimport) public: static void __cdecl QApplication::setStyle(class QStyle *)" (__imp_?setStyle@QApplication@@SAXPEAVQStyle@@@Z)，该符号在函数 main 中被引用
main.obj : error LNK2019: 无法解析的外部符号 "__declspec(dllimport) public: static int __cdecl QApplication::exec(void)" (__imp_?exec@QApplication@@SAHXZ)，该符号在函数 main 中被引用
main.obj : error LNK2019: 无法解析的外部符号 "__declspec(dllimport) public: static class QStyle * __cdecl QStyleFactory::create(class QString const &)" (__imp_?create@QStyleFactory@@SAPEAVQStyle@@AEBVQString@@@Z)，该符号在函数 main 中被引用
SerialPortCommon.obj : error LNK2019: 无法解析的外部符号 "__declspec(dllimport) public: __cdecl QMessageLogger::QMessageLogger(char const *,int,char const *)" (__imp_??0QMessageLogger@@QEAA@PEBDH0@Z)，该符号在函数 "public: class std::vector<class std::basic_string<char,struct std::char_traits<char>,class std::allocator<char> >,class std::allocator<class std::basic_string<char,struct std::char_traits<char>,class std::allocator<char> > > > __cdecl SerialPortCommon::GetDevice(void)" (?GetDevice@SerialPortCommon@@QEAA?AV?$vector@V?$basic_string@DU?$char_traits@D@std@@V?$allocator@D@2@@std@@V?$allocator@V?$basic_string@DU?$char_traits@D@std@@V?$allocator@D@2@@std@@@2@@std@@XZ) 中被引用
SerialPortCommon.obj : error LNK2019: 无法解析的外部符号 "__declspec(dllimport) public: class QDebug __cdecl QMessageLogger::debug(void)const " (__imp_?debug@QMessageLogger@@QEBA?AVQDebug@@XZ)，该符号在函数 "public: class std::vector<class std::basic_string<char,struct std::char_traits<char>,class std::allocator<char> >,class std::allocator<class std::basic_string<char,struct std::char_traits<char>,class std::allocator<char> > > > __cdecl SerialPortCommon::GetDevice(void)" (?GetDevice@SerialPortCommon@@QEAA?AV?$vector@V?$basic_string@DU?$char_traits@D@std@@V?$allocator@D@2@@std@@V?$allocator@V?$basic_string@DU?$char_traits@D@std@@V?$allocator@D@2@@std@@@2@@std@@XZ) 中被引用
SerialPortCommon.obj : error LNK2019: 无法解析的外部符号 "__declspec(dllimport) char const * __cdecl qFlagLocation(char const *)" (__imp_?qFlagLocation@@YAPEBDPEBD@Z)，该符号在函数 "public: __cdecl SerialPortCommon::SerialPortCommon(class QObject *)" (??0SerialPortCommon@@QEAA@PEAVQObject@@@Z) 中被引用
serialportui.obj : error LNK2001: 无法解析的外部符号 "__declspec(dllimport) char const * __cdecl qFlagLocation(char const *)" (__imp_?qFlagLocation@@YAPEBDPEBD@Z)
SerialPortCommon.obj : error LNK2019: 无法解析的外部符号 "__declspec(dllimport) public: __cdecl QMetaObject::Connection::~Connection(void)" (__imp_??1Connection@QMetaObject@@QEAA@XZ)，该符号在函数 "public: __cdecl SerialPortCommon::SerialPortCommon(class QObject *)" (??0SerialPortCommon@@QEAA@PEAVQObject@@@Z) 中被引用
serialportui.obj : error LNK2001: 无法解析的外部符号 "__declspec(dllimport) public: __cdecl QMetaObject::Connection::~Connection(void)" (__imp_??1Connection@QMetaObject@@QEAA@XZ)
SerialPortCommon.obj : error LNK2019: 无法解析的外部符号 "__declspec(dllimport) public: __cdecl QByteArray::QByteArray(void)" (__imp_??0QByteArray@@QEAA@XZ)，该符号在函数 "public: __cdecl SerialPortCommon::SerialPortCommon(class QObject *)" (??0SerialPortCommon@@QEAA@PEAVQObject@@@Z) 中被引用
SerialPortCommon.obj : error LNK2019: 无法解析的外部符号 "__declspec(dllimport) public: __cdecl QByteArray::~QByteArray(void)" (__imp_??1QByteArray@@QEAA@XZ)，该符号在函数 "public: int __cdecl SerialPortCommon::readData(void)" (?readData@SerialPortCommon@@QEAAHXZ) 中被引用
serialportui.obj : error LNK2001: 无法解析的外部符号 "__declspec(dllimport) public: __cdecl QByteArray::~QByteArray(void)" (__imp_??1QByteArray@@QEAA@XZ)
SerialPortCommon.obj : error LNK2019: 无法解析的外部符号 "__declspec(dllimport) public: class QByteArray & __cdecl QByteArray::append(class QByteArray const &)" (__imp_?append@QByteArray@@QEAAAEAV1@AEBV1@@Z)，该符号在函数 "public: int __cdecl SerialPortCommon::readData(void)" (?readData@SerialPortCommon@@QEAAHXZ) 中被引用
SerialPortCommon.obj : error LNK2019: 无法解析的外部符号 "__declspec(dllimport) public: __cdecl QString::QString(void)" (__imp_??0QString@@QEAA@XZ)，该符号在函数 "public: __cdecl SerialPortCommon::SerialPortCommon(class QObject *)" (??0SerialPortCommon@@QEAA@PEAVQObject@@@Z) 中被引用
serialportui.obj : error LNK2001: 无法解析的外部符号 "__declspec(dllimport) public: __cdecl QString::QString(void)" (__imp_??0QString@@QEAA@XZ)
SerialPortCommon.obj : error LNK2019: 无法解析的外部符号 "__declspec(dllimport) public: class QString & __cdecl QString::operator=(class QString const &)" (__imp_??4QString@@QEAAAEAV0@AEBV0@@Z)，该符号在函数 "public: virtual bool __cdecl SerialPortCommon::open(class QString)" (?open@SerialPortCommon@@UEAA_NVQString@@@Z) 中被引用
SerialPortCommon.obj : error LNK2019: 无法解析的外部符号 "__declspec(dllimport) public: class std::basic_string<char,struct std::char_traits<char>,class std::allocator<char> > __cdecl QString::toStdString(void)const " (__imp_?toStdString@QString@@QEBA?AV?$basic_string@DU?$char_traits@D@std@@V?$allocator@D@2@@std@@XZ)，该符号在函数 "public: class std::vector<class std::basic_string<char,struct std::char_traits<char>,class std::allocator<char> >,class std::allocator<class std::basic_string<char,struct std::char_traits<char>,class std::allocator<char> > > > __cdecl SerialPortCommon::GetDevice(void)" (?GetDevice@SerialPortCommon@@QEAA?AV?$vector@V?$basic_string@DU?$char_traits@D@std@@V?$allocator@D@2@@std@@V?$allocator@V?$basic_string@DU?$char_traits@D@std@@V?$allocator@D@2@@std@@@2@@std@@XZ) 中被引用
SerialPortCommon.obj : error LNK2019: 无法解析的外部符号 "__declspec(dllimport) public: static void __cdecl QListData::dispose(struct QListData::Data *)" (__imp_?dispose@QListData@@SAXPEAUData@1@@Z)，该符号在函数 "private: void __cdecl QList<class QSerialPortInfo>::dealloc(struct QListData::Data *)" (?dealloc@?$QList@VQSerialPortInfo@@@@AEAAXPEAUData@QListData@@@Z) 中被引用
SerialPortCommon.obj : error LNK2019: 无法解析的外部符号 "__declspec(dllimport) public: void * * __cdecl QListData::begin(void)const " (__imp_?begin@QListData@@QEBAPEAPEAXXZ)，该符号在函数 "public: class QList<class QSerialPortInfo>::const_iterator __cdecl QList<class QSerialPortInfo>::begin(void)const " (?begin@?$QList@VQSerialPortInfo@@@@QEBA?AVconst_iterator@1@XZ) 中被引用
SerialPortCommon.obj : error LNK2019: 无法解析的外部符号 "__declspec(dllimport) public: void * * __cdecl QListData::end(void)const " (__imp_?end@QListData@@QEBAPEAPEAXXZ)，该符号在函数 "public: class QList<class QSerialPortInfo>::const_iterator __cdecl QList<class QSerialPortInfo>::end(void)const " (?end@?$QList@VQSerialPortInfo@@@@QEBA?AVconst_iterator@1@XZ) 中被引用
SerialPortCommon.obj : error LNK2019: 无法解析的外部符号 "__declspec(dllimport) public: __cdecl QObject::QObject(class QObject *)" (__imp_??0QObject@@QEAA@PEAV0@@Z)，该符号在函数 "public: __cdecl SerialPortCommon::SerialPortCommon(class QObject *)" (??0SerialPortCommon@@QEAA@PEAVQObject@@@Z) 中被引用
SerialPortCommon.obj : error LNK2019: 无法解析的外部符号 "__declspec(dllimport) public: virtual __cdecl QObject::~QObject(void)" (__imp_??1QObject@@UEAA@XZ)，该符号在函数 "int `public: __cdecl SerialPortCommon::SerialPortCommon(class QObject *)'::`1'::dtor$0" (?dtor$0@?0???0SerialPortCommon@@QEAA@PEAVQObject@@@Z@4HA) 中被引用
serialportui.obj : error LNK2001: 无法解析的外部符号 "__declspec(dllimport) public: virtual __cdecl QObject::~QObject(void)" (__imp_??1QObject@@UEAA@XZ)
SerialPortCommon.obj : error LNK2019: 无法解析的外部符号 "__declspec(dllimport) public: static class QMetaObject::Connection __cdecl QObject::connect(class QObject const *,char const *,class QObject const *,char const *,enum Qt::ConnectionType)" (__imp_?connect@QObject@@SA?AVConnection@QMetaObject@@PEBV1@PEBD01W4ConnectionType@Qt@@@Z)，该符号在函数 "public: __cdecl SerialPortCommon::SerialPortCommon(class QObject *)" (??0SerialPortCommon@@QEAA@PEAVQObject@@@Z) 中被引用
serialportui.obj : error LNK2001: 无法解析的外部符号 "__declspec(dllimport) public: static class QMetaObject::Connection __cdecl QObject::connect(class QObject const *,char const *,class QObject const *,char const *,enum Qt::ConnectionType)" (__imp_?connect@QObject@@SA?AVConnection@QMetaObject@@PEBV1@PEBD01W4ConnectionType@Qt@@@Z)
SerialPortCommon.obj : error LNK2019: 无法解析的外部符号 "__declspec(dllimport) public: bool __cdecl QIODevice::isOpen(void)const " (__imp_?isOpen@QIODevice@@QEBA_NXZ)，该符号在函数 "public: virtual void __cdecl SerialPortCommon::close(void)" (?close@SerialPortCommon@@UEAAXXZ) 中被引用
serialportui.obj : error LNK2001: 无法解析的外部符号 "__declspec(dllimport) public: bool __cdecl QIODevice::isOpen(void)const " (__imp_?isOpen@QIODevice@@QEBA_NXZ)
SerialPortCommon.obj : error LNK2019: 无法解析的外部符号 "__declspec(dllimport) public: class QByteArray __cdecl QIODevice::readAll(void)" (__imp_?readAll@QIODevice@@QEAA?AVQByteArray@@XZ)，该符号在函数 "public: int __cdecl SerialPortCommon::readData(void)" (?readData@SerialPortCommon@@QEAAHXZ) 中被引用
SerialPortCommon.obj : error LNK2019: 无法解析的外部符号 "__declspec(dllimport) public: __int64 __cdecl QIODevice::write(char const *,__int64)" (__imp_?write@QIODevice@@QEAA_JPEBD_J@Z)，该符号在函数 "public: int __cdecl SerialPortCommon::writeData(char *,int)" (?writeData@SerialPortCommon@@QEAAHPEADH@Z) 中被引用
SerialPortCommon.obj : error LNK2019: 无法解析的外部符号 "__declspec(dllimport) public: __cdecl QDebug::~QDebug(void)" (__imp_??1QDebug@@QEAA@XZ)，该符号在函数 "public: class std::vector<class std::basic_string<char,struct std::char_traits<char>,class std::allocator<char> >,class std::allocator<class std::basic_string<char,struct std::char_traits<char>,class std::allocator<char> > > > __cdecl SerialPortCommon::GetDevice(void)" (?GetDevice@SerialPortCommon@@QEAA?AV?$vector@V?$basic_string@DU?$char_traits@D@std@@V?$allocator@D@2@@std@@V?$allocator@V?$basic_string@DU?$char_traits@D@std@@V?$allocator@D@2@@std@@@2@@std@@XZ) 中被引用
SerialPortCommon.obj : error LNK2019: 无法解析的外部符号 "__declspec(dllimport) public: class QDebug & __cdecl QDebug::operator<<(char const *)" (__imp_??6QDebug@@QEAAAEAV0@PEBD@Z)，该符号在函数 "public: class std::vector<class std::basic_string<char,struct std::char_traits<char>,class std::allocator<char> >,class std::allocator<class std::basic_string<char,struct std::char_traits<char>,class std::allocator<char> > > > __cdecl SerialPortCommon::GetDevice(void)" (?GetDevice@SerialPortCommon@@QEAA?AV?$vector@V?$basic_string@DU?$char_traits@D@std@@V?$allocator@D@2@@std@@V?$allocator@V?$basic_string@DU?$char_traits@D@std@@V?$allocator@D@2@@std@@@2@@std@@XZ) 中被引用
SerialPortCommon.obj : error LNK2019: 无法解析的外部符号 "__declspec(dllimport) public: class QDebug & __cdecl QDebug::operator<<(class QString const &)" (__imp_??6QDebug@@QEAAAEAV0@AEBVQString@@@Z)，该符号在函数 "public: class std::vector<class std::basic_string<char,struct std::char_traits<char>,class std::allocator<char> >,class std::allocator<class std::basic_string<char,struct std::char_traits<char>,class std::allocator<char> > > > __cdecl SerialPortCommon::GetDevice(void)" (?GetDevice@SerialPortCommon@@QEAA?AV?$vector@V?$basic_string@DU?$char_traits@D@std@@V?$allocator@D@2@@std@@V?$allocator@V?$basic_string@DU?$char_traits@D@std@@V?$allocator@D@2@@std@@@2@@std@@XZ) 中被引用
SerialPortCommon.obj : error LNK2019: 无法解析的外部符号 "__declspec(dllimport) public: __cdecl QSerialPort::QSerialPort(class QObject *)" (__imp_??0QSerialPort@@QEAA@PEAVQObject@@@Z)，该符号在函数 "public: __cdecl SerialPortCommon::SerialPortCommon(class QObject *)" (??0SerialPortCommon@@QEAA@PEAVQObject@@@Z) 中被引用
SerialPortCommon.obj : error LNK2019: 无法解析的外部符号 "__declspec(dllimport) public: virtual __cdecl QSerialPort::~QSerialPort(void)" (__imp_??1QSerialPort@@UEAA@XZ)，该符号在函数 "public: virtual void * __cdecl QSerialPort::`scalar deleting destructor'(unsigned int)" (??_GQSerialPort@@UEAAPEAXI@Z) 中被引用
SerialPortCommon.obj : error LNK2019: 无法解析的外部符号 "__declspec(dllimport) public: void __cdecl QSerialPort::setPortName(class QString const &)" (__imp_?setPortName@QSerialPort@@QEAAXAEBVQString@@@Z)，该符号在函数 "public: virtual bool __cdecl SerialPortCommon::open(class QString)" (?open@SerialPortCommon@@UEAA_NVQString@@@Z) 中被引用
SerialPortCommon.obj : error LNK2019: 无法解析的外部符号 "__declspec(dllimport) public: bool __cdecl QSerialPort::setBaudRate(int,class QFlags<enum QSerialPort::Direction>)" (__imp_?setBaudRate@QSerialPort@@QEAA_NHV?$QFlags@W4Direction@QSerialPort@@@@@Z)，该符号在函数 "public: virtual bool __cdecl SerialPortCommon::open(class QString)" (?open@SerialPortCommon@@UEAA_NVQString@@@Z) 中被引用
SerialPortCommon.obj : error LNK2019: 无法解析的外部符号 "__declspec(dllimport) public: bool __cdecl QSerialPort::setDataBits(enum QSerialPort::DataBits)" (__imp_?setDataBits@QSerialPort@@QEAA_NW4DataBits@1@@Z)，该符号在函数 "public: virtual bool __cdecl SerialPortCommon::open(class QString)" (?open@SerialPortCommon@@UEAA_NVQString@@@Z) 中被引用
SerialPortCommon.obj : error LNK2019: 无法解析的外部符号 "__declspec(dllimport) public: bool __cdecl QSerialPort::setParity(enum QSerialPort::Parity)" (__imp_?setParity@QSerialPort@@QEAA_NW4Parity@1@@Z)，该符号在函数 "public: virtual bool __cdecl SerialPortCommon::open(class QString)" (?open@SerialPortCommon@@UEAA_NVQString@@@Z) 中被引用
SerialPortCommon.obj : error LNK2019: 无法解析的外部符号 "__declspec(dllimport) public: bool __cdecl QSerialPort::setStopBits(enum QSerialPort::StopBits)" (__imp_?setStopBits@QSerialPort@@QEAA_NW4StopBits@1@@Z)，该符号在函数 "public: virtual bool __cdecl SerialPortCommon::open(class QString)" (?open@SerialPortCommon@@UEAA_NVQString@@@Z) 中被引用
SerialPortCommon.obj : error LNK2019: 无法解析的外部符号 "__declspec(dllimport) public: bool __cdecl QSerialPort::setFlowControl(enum QSerialPort::FlowControl)" (__imp_?setFlowControl@QSerialPort@@QEAA_NW4FlowControl@1@@Z)，该符号在函数 "public: virtual bool __cdecl SerialPortCommon::open(class QString)" (?open@SerialPortCommon@@UEAA_NVQString@@@Z) 中被引用
SerialPortCommon.obj : error LNK2019: 无法解析的外部符号 "__declspec(dllimport) public: bool __cdecl QSerialPort::clear(class QFlags<enum QSerialPort::Direction>)" (__imp_?clear@QSerialPort@@QEAA_NV?$QFlags@W4Direction@QSerialPort@@@@@Z)，该符号在函数 "public: virtual bool __cdecl SerialPortCommon::clear(void)" (?clear@SerialPortCommon@@UEAA_NXZ) 中被引用
SerialPortCommon.obj : error LNK2019: 无法解析的外部符号 "__declspec(dllimport) public: void __cdecl QSerialPort::setReadBufferSize(__int64)" (__imp_?setReadBufferSize@QSerialPort@@QEAAX_J@Z)，该符号在函数 "public: virtual bool __cdecl SerialPortCommon::open(class QString)" (?open@SerialPortCommon@@UEAA_NVQString@@@Z) 中被引用
SerialPortCommon.obj : error LNK2019: 无法解析的外部符号 "__declspec(dllimport) public: __cdecl QSerialPortInfo::QSerialPortInfo(void)" (__imp_??0QSerialPortInfo@@QEAA@XZ)，该符号在函数 "public: __cdecl SerialPortCommon::SerialPortCommon(class QObject *)" (??0SerialPortCommon@@QEAA@PEAVQObject@@@Z) 中被引用
SerialPortCommon.obj : error LNK2019: 无法解析的外部符号 "__declspec(dllimport) public: __cdecl QSerialPortInfo::~QSerialPortInfo(void)" (__imp_??1QSerialPortInfo@@QEAA@XZ)，该符号在函数 "int `public: __cdecl SerialPortCommon::SerialPortCommon(class QObject *)'::`1'::dtor$2" (?dtor$2@?0???0SerialPortCommon@@QEAA@PEAVQObject@@@Z@4HA) 中被引用
serialportui.obj : error LNK2001: 无法解析的外部符号 "__declspec(dllimport) public: __cdecl QSerialPortInfo::~QSerialPortInfo(void)" (__imp_??1QSerialPortInfo@@QEAA@XZ)
SerialPortCommon.obj : error LNK2019: 无法解析的外部符号 "__declspec(dllimport) public: class QString __cdecl QSerialPortInfo::portName(void)const " (__imp_?portName@QSerialPortInfo@@QEBA?AVQString@@XZ)，该符号在函数 "public: class std::vector<class std::basic_string<char,struct std::char_traits<char>,class std::allocator<char> >,class std::allocator<class std::basic_string<char,struct std::char_traits<char>,class std::allocator<char> > > > __cdecl SerialPortCommon::GetDevice(void)" (?GetDevice@SerialPortCommon@@QEAA?AV?$vector@V?$basic_string@DU?$char_traits@D@std@@V?$allocator@D@2@@std@@V?$allocator@V?$basic_string@DU?$char_traits@D@std@@V?$allocator@D@2@@std@@@2@@std@@XZ) 中被引用
SerialPortCommon.obj : error LNK2019: 无法解析的外部符号 "__declspec(dllimport) public: class QString __cdecl QSerialPortInfo::systemLocation(void)const " (__imp_?systemLocation@QSerialPortInfo@@QEBA?AVQString@@XZ)，该符号在函数 "public: class std::vector<class std::basic_string<char,struct std::char_traits<char>,class std::allocator<char> >,class std::allocator<class std::basic_string<char,struct std::char_traits<char>,class std::allocator<char> > > > __cdecl SerialPortCommon::GetDevice(void)" (?GetDevice@SerialPortCommon@@QEAA?AV?$vector@V?$basic_string@DU?$char_traits@D@std@@V?$allocator@D@2@@std@@V?$allocator@V?$basic_string@DU?$char_traits@D@std@@V?$allocator@D@2@@std@@@2@@std@@XZ) 中被引用
SerialPortCommon.obj : error LNK2019: 无法解析的外部符号 "__declspec(dllimport) public: class QString __cdecl QSerialPortInfo::description(void)const " (__imp_?description@QSerialPortInfo@@QEBA?AVQString@@XZ)，该符号在函数 "public: class std::vector<class std::basic_string<char,struct std::char_traits<char>,class std::allocator<char> >,class std::allocator<class std::basic_string<char,struct std::char_traits<char>,class std::allocator<char> > > > __cdecl SerialPortCommon::GetDevice(void)" (?GetDevice@SerialPortCommon@@QEAA?AV?$vector@V?$basic_string@DU?$char_traits@D@std@@V?$allocator@D@2@@std@@V?$allocator@V?$basic_string@DU?$char_traits@D@std@@V?$allocator@D@2@@std@@@2@@std@@XZ) 中被引用
SerialPortCommon.obj : error LNK2019: 无法解析的外部符号 "__declspec(dllimport) public: class QString __cdecl QSerialPortInfo::manufacturer(void)const " (__imp_?manufacturer@QSerialPortInfo@@QEBA?AVQString@@XZ)，该符号在函数 "public: class std::vector<class std::basic_string<char,struct std::char_traits<char>,class std::allocator<char> >,class std::allocator<class std::basic_string<char,struct std::char_traits<char>,class std::allocator<char> > > > __cdecl SerialPortCommon::GetDevice(void)" (?GetDevice@SerialPortCommon@@QEAA?AV?$vector@V?$basic_string@DU?$char_traits@D@std@@V?$allocator@D@2@@std@@V?$allocator@V?$basic_string@DU?$char_traits@D@std@@V?$allocator@D@2@@std@@@2@@std@@XZ) 中被引用
SerialPortCommon.obj : error LNK2019: 无法解析的外部符号 "__declspec(dllimport) public: class QString __cdecl QSerialPortInfo::serialNumber(void)const " (__imp_?serialNumber@QSerialPortInfo@@QEBA?AVQString@@XZ)，该符号在函数 "public: class std::vector<class std::basic_string<char,struct std::char_traits<char>,class std::allocator<char> >,class std::allocator<class std::basic_string<char,struct std::char_traits<char>,class std::allocator<char> > > > __cdecl SerialPortCommon::GetDevice(void)" (?GetDevice@SerialPortCommon@@QEAA?AV?$vector@V?$basic_string@DU?$char_traits@D@std@@V?$allocator@D@2@@std@@V?$allocator@V?$basic_string@DU?$char_traits@D@std@@V?$allocator@D@2@@std@@@2@@std@@XZ) 中被引用
SerialPortCommon.obj : error LNK2019: 无法解析的外部符号 "__declspec(dllimport) public: static class QList<class QSerialPortInfo> __cdecl QSerialPortInfo::availablePorts(void)" (__imp_?availablePorts@QSerialPortInfo@@SA?AV?$QList@VQSerialPortInfo@@@@XZ)，该符号在函数 "public: class std::vector<class std::basic_string<char,struct std::char_traits<char>,class std::allocator<char> >,class std::allocator<class std::basic_string<char,struct std::char_traits<char>,class std::allocator<char> > > > __cdecl SerialPortCommon::GetDevice(void)" (?GetDevice@SerialPortCommon@@QEAA?AV?$vector@V?$basic_string@DU?$char_traits@D@std@@V?$allocator@D@2@@std@@V?$allocator@V?$basic_string@DU?$char_traits@D@std@@V?$allocator@D@2@@std@@@2@@std@@XZ) 中被引用
SerialPortCommon.obj : error LNK2001: 无法解析的外部符号 "public: virtual bool __cdecl QSerialPort::atEnd(void)const " (?atEnd@QSerialPort@@UEBA_NXZ)
SerialPortCommon.obj : error LNK2001: 无法解析的外部符号 "public: virtual __int64 __cdecl QSerialPort::bytesAvailable(void)const " (?bytesAvailable@QSerialPort@@UEBA_JXZ)
SerialPortCommon.obj : error LNK2001: 无法解析的外部符号 "public: virtual __int64 __cdecl QSerialPort::bytesToWrite(void)const " (?bytesToWrite@QSerialPort@@UEBA_JXZ)
SerialPortCommon.obj : error LNK2001: 无法解析的外部符号 "public: virtual bool __cdecl QSerialPort::canReadLine(void)const " (?canReadLine@QSerialPort@@UEBA_NXZ)
SerialPortCommon.obj : error LNK2001: 无法解析的外部符号 "protected: virtual void __cdecl QObject::childEvent(class QChildEvent *)" (?childEvent@QObject@@MEAAXPEAVQChildEvent@@@Z)
serialportui.obj : error LNK2001: 无法解析的外部符号 "protected: virtual void __cdecl QObject::childEvent(class QChildEvent *)" (?childEvent@QObject@@MEAAXPEAVQChildEvent@@@Z)
SerialPortCommon.obj : error LNK2001: 无法解析的外部符号 "public: virtual void __cdecl QSerialPort::close(void)" (?close@QSerialPort@@UEAAXXZ)
SerialPortCommon.obj : error LNK2001: 无法解析的外部符号 "protected: virtual void __cdecl QObject::connectNotify(class QMetaMethod const &)" (?connectNotify@QObject@@MEAAXAEBVQMetaMethod@@@Z)
serialportui.obj : error LNK2001: 无法解析的外部符号 "protected: virtual void __cdecl QObject::connectNotify(class QMetaMethod const &)" (?connectNotify@QObject@@MEAAXAEBVQMetaMethod@@@Z)
SerialPortCommon.obj : error LNK2001: 无法解析的外部符号 "protected: virtual void __cdecl QObject::customEvent(class QEvent *)" (?customEvent@QObject@@MEAAXPEAVQEvent@@@Z)
serialportui.obj : error LNK2001: 无法解析的外部符号 "protected: virtual void __cdecl QObject::customEvent(class QEvent *)" (?customEvent@QObject@@MEAAXPEAVQEvent@@@Z)
SerialPortCommon.obj : error LNK2001: 无法解析的外部符号 "protected: virtual void __cdecl QObject::disconnectNotify(class QMetaMethod const &)" (?disconnectNotify@QObject@@MEAAXAEBVQMetaMethod@@@Z)
serialportui.obj : error LNK2001: 无法解析的外部符号 "protected: virtual void __cdecl QObject::disconnectNotify(class QMetaMethod const &)" (?disconnectNotify@QObject@@MEAAXAEBVQMetaMethod@@@Z)
SerialPortCommon.obj : error LNK2001: 无法解析的外部符号 "public: virtual bool __cdecl QObject::event(class QEvent *)" (?event@QObject@@UEAA_NPEAVQEvent@@@Z)
serialportui.obj : error LNK2001: 无法解析的外部符号 "public: virtual bool __cdecl QObject::event(class QEvent *)" (?event@QObject@@UEAA_NPEAVQEvent@@@Z)
SerialPortCommon.obj : error LNK2001: 无法解析的外部符号 "public: virtual bool __cdecl QObject::eventFilter(class QObject *,class QEvent *)" (?eventFilter@QObject@@UEAA_NPEAV1@PEAVQEvent@@@Z)
serialportui.obj : error LNK2001: 无法解析的外部符号 "public: virtual bool __cdecl QObject::eventFilter(class QObject *,class QEvent *)" (?eventFilter@QObject@@UEAA_NPEAV1@PEAVQEvent@@@Z)
SerialPortCommon.obj : error LNK2001: 无法解析的外部符号 "public: virtual bool __cdecl QSerialPort::isSequential(void)const " (?isSequential@QSerialPort@@UEBA_NXZ)
SerialPortCommon.obj : error LNK2001: 无法解析的外部符号 "public: virtual struct QMetaObject const * __cdecl QSerialPort::metaObject(void)const " (?metaObject@QSerialPort@@UEBAPEBUQMetaObject@@XZ)
SerialPortCommon.obj : error LNK2001: 无法解析的外部符号 "public: virtual bool __cdecl QSerialPort::open(class QFlags<enum QIODevice::OpenModeFlag>)" (?open@QSerialPort@@UEAA_NV?$QFlags@W4OpenModeFlag@QIODevice@@@@@Z)
SerialPortCommon.obj : error LNK2001: 无法解析的外部符号 "public: virtual __int64 __cdecl QIODevice::pos(void)const " (?pos@QIODevice@@UEBA_JXZ)
SerialPortCommon.obj : error LNK2001: 无法解析的外部符号 "public: virtual int __cdecl QSerialPort::qt_metacall(enum QMetaObject::Call,int,void * *)" (?qt_metacall@QSerialPort@@UEAAHW4Call@QMetaObject@@HPEAPEAX@Z)
SerialPortCommon.obj : error LNK2001: 无法解析的外部符号 "public: virtual void * __cdecl QSerialPort::qt_metacast(char const *)" (?qt_metacast@QSerialPort@@UEAAPEAXPEBD@Z)
SerialPortCommon.obj : error LNK2001: 无法解析的外部符号 "protected: virtual __int64 __cdecl QSerialPort::readData(char *,__int64)" (?readData@QSerialPort@@MEAA_JPEAD_J@Z)
SerialPortCommon.obj : error LNK2001: 无法解析的外部符号 "protected: virtual __int64 __cdecl QSerialPort::readLineData(char *,__int64)" (?readLineData@QSerialPort@@MEAA_JPEAD_J@Z)
SerialPortCommon.obj : error LNK2001: 无法解析的外部符号 "public: virtual bool __cdecl QIODevice::reset(void)" (?reset@QIODevice@@UEAA_NXZ)
SerialPortCommon.obj : error LNK2001: 无法解析的外部符号 "public: virtual bool __cdecl QIODevice::seek(__int64)" (?seek@QIODevice@@UEAA_N_J@Z)
SerialPortCommon.obj : error LNK2001: 无法解析的外部符号 "public: virtual __int64 __cdecl QIODevice::size(void)const " (?size@QIODevice@@UEBA_JXZ)
SerialPortCommon.obj : error LNK2001: 无法解析的外部符号 "protected: virtual void __cdecl QObject::timerEvent(class QTimerEvent *)" (?timerEvent@QObject@@MEAAXPEAVQTimerEvent@@@Z)
serialportui.obj : error LNK2001: 无法解析的外部符号 "protected: virtual void __cdecl QObject::timerEvent(class QTimerEvent *)" (?timerEvent@QObject@@MEAAXPEAVQTimerEvent@@@Z)
SerialPortCommon.obj : error LNK2001: 无法解析的外部符号 "public: virtual bool __cdecl QSerialPort::waitForBytesWritten(int)" (?waitForBytesWritten@QSerialPort@@UEAA_NH@Z)
SerialPortCommon.obj : error LNK2001: 无法解析的外部符号 "public: virtual bool __cdecl QSerialPort::waitForReadyRead(int)" (?waitForReadyRead@QSerialPort@@UEAA_NH@Z)
SerialPortCommon.obj : error LNK2001: 无法解析的外部符号 "protected: virtual __int64 __cdecl QSerialPort::writeData(char const *,__int64)" (?writeData@QSerialPort@@MEAA_JPEBD_J@Z)
SerialPortCommon.obj : error LNK2001: 无法解析的外部符号 "__declspec(dllimport) public: static struct QListData::Data const QListData::shared_null" (__imp_?shared_null@QListData@@2UData@1@B)
serialportui.obj : error LNK2019: 无法解析的外部符号 "__declspec(dllimport) void __cdecl qt_assert(char const *,char const *,int)" (__imp_?qt_assert@@YAXPEBD0H@Z)，该符号在函数 "public: struct QTypedArrayData<unsigned short> * __cdecl QStaticStringData<2>::data_ptr(void)const " (?data_ptr@?$QStaticStringData@$01@@QEBAPEAU?$QTypedArrayData@G@@XZ) 中被引用
serialportui.obj : error LNK2019: 无法解析的外部符号 "__declspec(dllimport) public: static void __cdecl QMetaObject::connectSlotsByName(class QObject *)" (__imp_?connectSlotsByName@QMetaObject@@SAXPEAVQObject@@@Z)，该符号在函数 "public: void __cdecl Ui_SerialPortClass::setupUi(class QWidget *)" (?setupUi@Ui_SerialPortClass@@QEAAXPEAVQWidget@@@Z) 中被引用
serialportui.obj : error LNK2019: 无法解析的外部符号 "__declspec(dllimport) public: __cdecl QChar::QChar(struct QLatin1Char)" (__imp_??0QChar@@QEAA@UQLatin1Char@@@Z)，该符号在函数 "public: void __cdecl SerialPortUI::PortReadFinished(void)" (?PortReadFinished@SerialPortUI@@QEAAXXZ) 中被引用
serialportui.obj : error LNK2019: 无法解析的外部符号 "__declspec(dllimport) public: __cdecl QByteArray::QByteArray(class QByteArray const &)" (__imp_??0QByteArray@@QEAA@AEBV0@@Z)，该符号在函数 "public: class QByteArray __cdecl SerialPortCommon::GetRecvByte(void)" (?GetRecvByte@SerialPortCommon@@QEAA?AVQByteArray@@XZ) 中被引用
serialportui.obj : error LNK2019: 无法解析的外部符号 "__declspec(dllimport) public: char * __cdecl QByteArray::data(void)" (__imp_?data@QByteArray@@QEAAPEADXZ)，该符号在函数 "public: void __cdecl SerialPortUI::PortReadFinished(void)" (?PortReadFinished@SerialPortUI@@QEAAXXZ) 中被引用
serialportui.obj : error LNK2019: 无法解析的外部符号 "__declspec(dllimport) public: void __cdecl QByteArray::clear(void)" (__imp_?clear@QByteArray@@QEAAXXZ)，该符号在函数 "public: void __cdecl SerialPortCommon::ClearRecvByte(void)" (?ClearRecvByte@SerialPortCommon@@QEAAXXZ) 中被引用
serialportui.obj : error LNK2019: 无法解析的外部符号 "__declspec(dllimport) public: int __cdecl QByteArray::length(void)const " (__imp_?length@QByteArray@@QEBAHXZ)，该符号在函数 "public: void __cdecl SerialPortUI::PortReadFinished(void)" (?PortReadFinished@SerialPortUI@@QEAAXXZ) 中被引用
serialportui.obj : error LNK2019: 无法解析的外部符号 "__declspec(dllimport) public: __cdecl QString::QString(class QString const &)" (__imp_??0QString@@QEAA@AEBV0@@Z)，该符号在函数 "public: bool __cdecl SerialPortUI::OpenPort(class QString)" (?OpenPort@SerialPortUI@@QEAA_NVQString@@@Z) 中被引用
serialportui.obj : error LNK2019: 无法解析的外部符号 "__declspec(dllimport) public: bool __cdecl QString::isEmpty(void)const " (__imp_?isEmpty@QString@@QEBA_NXZ)，该符号在函数 "public: void __cdecl Ui_SerialPortClass::setupUi(class QWidget *)" (?setupUi@Ui_SerialPortClass@@QEAAXPEAVQWidget@@@Z) 中被引用
serialportui.obj : error LNK2019: 无法解析的外部符号 "__declspec(dllimport) public: class QString __cdecl QString::arg(unsigned short,int,int,class QChar)const " (__imp_?arg@QString@@QEBA?AV1@GHHVQChar@@@Z)，该符号在函数 "public: void __cdecl SerialPortUI::PortReadFinished(void)" (?PortReadFinished@SerialPortUI@@QEAAXXZ) 中被引用
serialportui.obj : error LNK2019: 无法解析的外部符号 "__declspec(dllimport) public: unsigned int __cdecl QString::toUInt(bool *,int)const " (__imp_?toUInt@QString@@QEBAIPEA_NH@Z)，该符号在函数 "public: void __cdecl SerialPortUI::on_pushButton_0_clicked(void)" (?on_pushButton_0_clicked@SerialPortUI@@QEAAXXZ) 中被引用
serialportui.obj : error LNK2019: 无法解析的外部符号 "__declspec(dllimport) public: static class QString __cdecl QString::fromStdString(class std::basic_string<char,struct std::char_traits<char>,class std::allocator<char> > const &)" (__imp_?fromStdString@QString@@SA?AV1@AEBV?$basic_string@DU?$char_traits@D@std@@V?$allocator@D@2@@std@@@Z)，该符号在函数 "public: __cdecl SerialPortUI::SerialPortUI(class QWidget *)" (??0SerialPortUI@@QEAA@PEAVQWidget@@@Z) 中被引用
serialportui.obj : error LNK2019: 无法解析的外部符号 "__declspec(dllimport) public: __cdecl QString::QString(struct QStringDataPtr)" (__imp_??0QString@@QEAA@UQStringDataPtr@@@Z)，该符号在函数 "public: class QString __cdecl <lambda_017dcf00e6f3e70aaa84066ffd39deba>::operator()(void)const " (??R<lambda_017dcf00e6f3e70aaa84066ffd39deba>@@QEBA?AVQString@@XZ) 中被引用
serialportui.obj : error LNK2019: 无法解析的外部符号 "__declspec(dllimport) public: class QString __cdecl QObject::objectName(void)const " (__imp_?objectName@QObject@@QEBA?AVQString@@XZ)，该符号在函数 "public: void __cdecl Ui_SerialPortClass::setupUi(class QWidget *)" (?setupUi@Ui_SerialPortClass@@QEAAXPEAVQWidget@@@Z) 中被引用
serialportui.obj : error LNK2019: 无法解析的外部符号 "__declspec(dllimport) public: void __cdecl QObject::setObjectName(class QString const &)" (__imp_?setObjectName@QObject@@QEAAXAEBVQString@@@Z)，该符号在函数 "public: void __cdecl Ui_SerialPortClass::setupUi(class QWidget *)" (?setupUi@Ui_SerialPortClass@@QEAAXPEAVQWidget@@@Z) 中被引用
serialportui.obj : error LNK2019: 无法解析的外部符号 "__declspec(dllimport) public: __cdecl QSize::QSize(int,int)" (__imp_??0QSize@@QEAA@HH@Z)，该符号在函数 "public: void __cdecl Ui_SerialPortClass::setupUi(class QWidget *)" (?setupUi@Ui_SerialPortClass@@QEAAXPEAVQWidget@@@Z) 中被引用
serialportui.obj : error LNK2019: 无法解析的外部符号 "__declspec(dllimport) public: __cdecl QWidget::QWidget(class QWidget *,class QFlags<enum Qt::WindowType>)" (__imp_??0QWidget@@QEAA@PEAV0@V?$QFlags@W4WindowType@Qt@@@@@Z)，该符号在函数 "public: __cdecl SerialPortUI::SerialPortUI(class QWidget *)" (??0SerialPortUI@@QEAA@PEAVQWidget@@@Z) 中被引用
serialportui.obj : error LNK2019: 无法解析的外部符号 "__declspec(dllimport) public: virtual __cdecl QWidget::~QWidget(void)" (__imp_??1QWidget@@UEAA@XZ)，该符号在函数 "public: virtual __cdecl SerialPortUI::~SerialPortUI(void)" (??1SerialPortUI@@UEAA@XZ) 中被引用
serialportui.obj : error LNK2019: 无法解析的外部符号 "__declspec(dllimport) public: void __cdecl QWidget::setMinimumSize(class QSize const &)" (__imp_?setMinimumSize@QWidget@@QEAAXAEBVQSize@@@Z)，该符号在函数 "public: void __cdecl Ui_SerialPortClass::setupUi(class QWidget *)" (?setupUi@Ui_SerialPortClass@@QEAAXPEAVQWidget@@@Z) 中被引用
serialportui.obj : error LNK2019: 无法解析的外部符号 "__declspec(dllimport) public: void __cdecl QWidget::setMaximumSize(class QSize const &)" (__imp_?setMaximumSize@QWidget@@QEAAXAEBVQSize@@@Z)，该符号在函数 "public: void __cdecl Ui_SerialPortClass::setupUi(class QWidget *)" (?setupUi@Ui_SerialPortClass@@QEAAXPEAVQWidget@@@Z) 中被引用
serialportui.obj : error LNK2019: 无法解析的外部符号 "__declspec(dllimport) public: void __cdecl QWidget::setWindowTitle(class QString const &)" (__imp_?setWindowTitle@QWidget@@QEAAXAEBVQString@@@Z)，该符号在函数 "public: void __cdecl Ui_SerialPortClass::retranslateUi(class QWidget *)" (?retranslateUi@Ui_SerialPortClass@@QEAAXPEAVQWidget@@@Z) 中被引用
serialportui.obj : error LNK2019: 无法解析的外部符号 "__declspec(dllimport) public: void __cdecl QWidget::resize(int,int)" (__imp_?resize@QWidget@@QEAAXHH@Z)，该符号在函数 "public: void __cdecl Ui_SerialPortClass::setupUi(class QWidget *)" (?setupUi@Ui_SerialPortClass@@QEAAXPEAVQWidget@@@Z) 中被引用
serialportui.obj : error LNK2019: 无法解析的外部符号 "__declspec(dllimport) public: __cdecl QVariant::QVariant(void)" (__imp_??0QVariant@@QEAA@XZ)，该符号在函数 "public: __cdecl SerialPortUI::SerialPortUI(class QWidget *)" (??0SerialPortUI@@QEAA@PEAVQWidget@@@Z) 中被引用
serialportui.obj : error LNK2019: 无法解析的外部符号 "__declspec(dllimport) public: __cdecl QVariant::~QVariant(void)" (__imp_??1QVariant@@QEAA@XZ)，该符号在函数 "public: __cdecl SerialPortUI::SerialPortUI(class QWidget *)" (??0SerialPortUI@@QEAA@PEAVQWidget@@@Z) 中被引用
serialportui.obj : error LNK2019: 无法解析的外部符号 "__declspec(dllimport) public: static class QString __cdecl QCoreApplication::translate(char const *,char const *,char const *,int)" (__imp_?translate@QCoreApplication@@SA?AVQString@@PEBD00H@Z)，该符号在函数 "public: void __cdecl Ui_SerialPortClass::retranslateUi(class QWidget *)" (?retranslateUi@Ui_SerialPortClass@@QEAAXPEAVQWidget@@@Z) 中被引用
serialportui.obj : error LNK2019: 无法解析的外部符号 "__declspec(dllimport) public: void __cdecl QAbstractButton::setText(class QString const &)" (__imp_?setText@QAbstractButton@@QEAAXAEBVQString@@@Z)，该符号在函数 "public: void __cdecl SerialPortUI::on_pushButton_connect_clicked(void)" (?on_pushButton_connect_clicked@SerialPortUI@@QEAAXXZ) 中被引用
serialportui.obj : error LNK2019: 无法解析的外部符号 "__declspec(dllimport) public: __cdecl QCheckBox::QCheckBox(class QWidget *)" (__imp_??0QCheckBox@@QEAA@PEAVQWidget@@@Z)，该符号在函数 "public: void __cdecl Ui_SerialPortClass::setupUi(class QWidget *)" (?setupUi@Ui_SerialPortClass@@QEAAXPEAVQWidget@@@Z) 中被引用
serialportui.obj : error LNK2019: 无法解析的外部符号 "__declspec(dllimport) public: virtual __cdecl QCheckBox::~QCheckBox(void)" (__imp_??1QCheckBox@@UEAA@XZ)，该符号在函数 "public: virtual void * __cdecl QCheckBox::`scalar deleting destructor'(unsigned int)" (??_GQCheckBox@@UEAAPEAXI@Z) 中被引用
serialportui.obj : error LNK2019: 无法解析的外部符号 "__declspec(dllimport) public: enum Qt::CheckState __cdecl QCheckBox::checkState(void)const " (__imp_?checkState@QCheckBox@@QEBA?AW4CheckState@Qt@@XZ)，该符号在函数 "public: void __cdecl SerialPortUI::on_pushButton_0_clicked(void)" (?on_pushButton_0_clicked@SerialPortUI@@QEAAXXZ) 中被引用
serialportui.obj : error LNK2019: 无法解析的外部符号 "__declspec(dllimport) public: void __cdecl QFrame::setFrameShape(enum QFrame::Shape)" (__imp_?setFrameShape@QFrame@@QEAAXW4Shape@1@@Z)，该符号在函数 "public: void __cdecl Ui_SerialPortClass::setupUi(class QWidget *)" (?setupUi@Ui_SerialPortClass@@QEAAXPEAVQWidget@@@Z) 中被引用
serialportui.obj : error LNK2019: 无法解析的外部符号 "__declspec(dllimport) public: __cdecl QComboBox::QComboBox(class QWidget *)" (__imp_??0QComboBox@@QEAA@PEAVQWidget@@@Z)，该符号在函数 "public: void __cdecl Ui_SerialPortClass::setupUi(class QWidget *)" (?setupUi@Ui_SerialPortClass@@QEAAXPEAVQWidget@@@Z) 中被引用
serialportui.obj : error LNK2019: 无法解析的外部符号 "__declspec(dllimport) public: virtual __cdecl QComboBox::~QComboBox(void)" (__imp_??1QComboBox@@UEAA@XZ)，该符号在函数 "public: virtual void * __cdecl QComboBox::`scalar deleting destructor'(unsigned int)" (??_GQComboBox@@UEAAPEAXI@Z) 中被引用
serialportui.obj : error LNK2019: 无法解析的外部符号 "__declspec(dllimport) public: class QString __cdecl QComboBox::currentText(void)const " (__imp_?currentText@QComboBox@@QEBA?AVQString@@XZ)，该符号在函数 "public: void __cdecl SerialPortUI::on_pushButton_connect_clicked(void)" (?on_pushButton_connect_clicked@SerialPortUI@@QEAAXXZ) 中被引用
serialportui.obj : error LNK2019: 无法解析的外部符号 "__declspec(dllimport) public: void __cdecl QComboBox::addItem(class QString const &,class QVariant const &)" (__imp_?addItem@QComboBox@@QEAAXAEBVQString@@AEBVQVariant@@@Z)，该符号在函数 "public: __cdecl SerialPortUI::SerialPortUI(class QWidget *)" (??0SerialPortUI@@QEAA@PEAVQWidget@@@Z) 中被引用
serialportui.obj : error LNK2019: 无法解析的外部符号 "__declspec(dllimport) public: __cdecl QSpacerItem::QSpacerItem(int,int,enum QSizePolicy::Policy,enum QSizePolicy::Policy)" (__imp_??0QSpacerItem@@QEAA@HHW4Policy@QSizePolicy@@0@Z)，该符号在函数 "public: void __cdecl Ui_SerialPortClass::setupUi(class QWidget *)" (?setupUi@Ui_SerialPortClass@@QEAAXPEAVQWidget@@@Z) 中被引用
serialportui.obj : error LNK2019: 无法解析的外部符号 "__declspec(dllimport) public: virtual __cdecl QSpacerItem::~QSpacerItem(void)" (__imp_??1QSpacerItem@@UEAA@XZ)，该符号在函数 "public: virtual void * __cdecl QSpacerItem::`scalar deleting destructor'(unsigned int)" (??_GQSpacerItem@@UEAAPEAXI@Z) 中被引用
serialportui.obj : error LNK2019: 无法解析的外部符号 "__declspec(dllimport) public: void __cdecl QLayout::setContentsMargins(int,int,int,int)" (__imp_?setContentsMargins@QLayout@@QEAAXHHHH@Z)，该符号在函数 "public: void __cdecl Ui_SerialPortClass::setupUi(class QWidget *)" (?setupUi@Ui_SerialPortClass@@QEAAXPEAVQWidget@@@Z) 中被引用
serialportui.obj : error LNK2019: 无法解析的外部符号 "__declspec(dllimport) public: void __cdecl QBoxLayout::addWidget(class QWidget *,int,class QFlags<enum Qt::AlignmentFlag>)" (__imp_?addWidget@QBoxLayout@@QEAAXPEAVQWidget@@HV?$QFlags@W4AlignmentFlag@Qt@@@@@Z)，该符号在函数 "public: void __cdecl Ui_SerialPortClass::setupUi(class QWidget *)" (?setupUi@Ui_SerialPortClass@@QEAAXPEAVQWidget@@@Z) 中被引用
serialportui.obj : error LNK2019: 无法解析的外部符号 "__declspec(dllimport) public: void __cdecl QBoxLayout::addLayout(class QLayout *,int)" (__imp_?addLayout@QBoxLayout@@QEAAXPEAVQLayout@@H@Z)，该符号在函数 "public: void __cdecl Ui_SerialPortClass::setupUi(class QWidget *)" (?setupUi@Ui_SerialPortClass@@QEAAXPEAVQWidget@@@Z) 中被引用
serialportui.obj : error LNK2019: 无法解析的外部符号 "__declspec(dllimport) public: void __cdecl QBoxLayout::setSpacing(int)" (__imp_?setSpacing@QBoxLayout@@QEAAXH@Z)，该符号在函数 "public: void __cdecl Ui_SerialPortClass::setupUi(class QWidget *)" (?setupUi@Ui_SerialPortClass@@QEAAXPEAVQWidget@@@Z) 中被引用
serialportui.obj : error LNK2019: 无法解析的外部符号 "__declspec(dllimport) public: __cdecl QHBoxLayout::QHBoxLayout(void)" (__imp_??0QHBoxLayout@@QEAA@XZ)，该符号在函数 "public: void __cdecl Ui_SerialPortClass::setupUi(class QWidget *)" (?setupUi@Ui_SerialPortClass@@QEAAXPEAVQWidget@@@Z) 中被引用
serialportui.obj : error LNK2019: 无法解析的外部符号 "__declspec(dllimport) public: virtual __cdecl QHBoxLayout::~QHBoxLayout(void)" (__imp_??1QHBoxLayout@@UEAA@XZ)，该符号在函数 "public: virtual void * __cdecl QHBoxLayout::`scalar deleting destructor'(unsigned int)" (??_GQHBoxLayout@@UEAAPEAXI@Z) 中被引用
serialportui.obj : error LNK2019: 无法解析的外部符号 "__declspec(dllimport) public: __cdecl QVBoxLayout::QVBoxLayout(class QWidget *)" (__imp_??0QVBoxLayout@@QEAA@PEAVQWidget@@@Z)，该符号在函数 "public: void __cdecl Ui_SerialPortClass::setupUi(class QWidget *)" (?setupUi@Ui_SerialPortClass@@QEAAXPEAVQWidget@@@Z) 中被引用
serialportui.obj : error LNK2019: 无法解析的外部符号 "__declspec(dllimport) public: virtual __cdecl QVBoxLayout::~QVBoxLayout(void)" (__imp_??1QVBoxLayout@@UEAA@XZ)，该符号在函数 "public: virtual void * __cdecl QVBoxLayout::`scalar deleting destructor'(unsigned int)" (??_GQVBoxLayout@@UEAAPEAXI@Z) 中被引用
serialportui.obj : error LNK2019: 无法解析的外部符号 "__declspec(dllimport) public: __cdecl QLabel::QLabel(class QWidget *,class QFlags<enum Qt::WindowType>)" (__imp_??0QLabel@@QEAA@PEAVQWidget@@V?$QFlags@W4WindowType@Qt@@@@@Z)，该符号在函数 "public: void __cdecl Ui_SerialPortClass::setupUi(class QWidget *)" (?setupUi@Ui_SerialPortClass@@QEAAXPEAVQWidget@@@Z) 中被引用
serialportui.obj : error LNK2019: 无法解析的外部符号 "__declspec(dllimport) public: virtual __cdecl QLabel::~QLabel(void)" (__imp_??1QLabel@@UEAA@XZ)，该符号在函数 "public: virtual void * __cdecl QLabel::`scalar deleting destructor'(unsigned int)" (??_GQLabel@@UEAAPEAXI@Z) 中被引用
serialportui.obj : error LNK2019: 无法解析的外部符号 "__declspec(dllimport) public: void __cdecl QLabel::setText(class QString const &)" (__imp_?setText@QLabel@@QEAAXAEBVQString@@@Z)，该符号在函数 "public: void __cdecl SerialPortUI::PortReadFinished(void)" (?PortReadFinished@SerialPortUI@@QEAAXXZ) 中被引用
serialportui.obj : error LNK2019: 无法解析的外部符号 "__declspec(dllimport) public: __cdecl QLineEdit::QLineEdit(class QWidget *)" (__imp_??0QLineEdit@@QEAA@PEAVQWidget@@@Z)，该符号在函数 "public: void __cdecl Ui_SerialPortClass::setupUi(class QWidget *)" (?setupUi@Ui_SerialPortClass@@QEAAXPEAVQWidget@@@Z) 中被引用
serialportui.obj : error LNK2019: 无法解析的外部符号 "__declspec(dllimport) public: virtual __cdecl QLineEdit::~QLineEdit(void)" (__imp_??1QLineEdit@@UEAA@XZ)，该符号在函数 "public: virtual void * __cdecl QLineEdit::`scalar deleting destructor'(unsigned int)" (??_GQLineEdit@@UEAAPEAXI@Z) 中被引用
serialportui.obj : error LNK2019: 无法解析的外部符号 "__declspec(dllimport) public: class QString __cdecl QLineEdit::text(void)const " (__imp_?text@QLineEdit@@QEBA?AVQString@@XZ)，该符号在函数 "public: void __cdecl SerialPortUI::on_pushButton_0_clicked(void)" (?on_pushButton_0_clicked@SerialPortUI@@QEAAXXZ) 中被引用
serialportui.obj : error LNK2019: 无法解析的外部符号 "__declspec(dllimport) public: void __cdecl QLineEdit::setText(class QString const &)" (__imp_?setText@QLineEdit@@QEAAXAEBVQString@@@Z)，该符号在函数 "public: void __cdecl SerialPortUI::PortReadFinished(void)" (?PortReadFinished@SerialPortUI@@QEAAXXZ) 中被引用
serialportui.obj : error LNK2019: 无法解析的外部符号 "__declspec(dllimport) public: __cdecl QPushButton::QPushButton(class QWidget *)" (__imp_??0QPushButton@@QEAA@PEAVQWidget@@@Z)，该符号在函数 "public: void __cdecl Ui_SerialPortClass::setupUi(class QWidget *)" (?setupUi@Ui_SerialPortClass@@QEAAXPEAVQWidget@@@Z) 中被引用
serialportui.obj : error LNK2019: 无法解析的外部符号 "__declspec(dllimport) public: virtual __cdecl QPushButton::~QPushButton(void)" (__imp_??1QPushButton@@UEAA@XZ)，该符号在函数 "public: virtual void * __cdecl QPushButton::`scalar deleting destructor'(unsigned int)" (??_GQPushButton@@UEAAPEAXI@Z) 中被引用
serialportui.obj : error LNK2019: 无法解析的外部符号 "__declspec(dllimport) public: static enum QMessageBox::StandardButton __cdecl QMessageBox::information(class QWidget *,class QString const &,class QString const &,class QFlags<enum QMessageBox::StandardButton>,enum QMessageBox::StandardButton)" (__imp_?information@QMessageBox@@SA?AW4StandardButton@1@PEAVQWidget@@AEBVQString@@1V?$QFlags@W4StandardButton@QMessageBox@@@@W421@@Z)，该符号在函数 "public: bool __cdecl SerialPortUI::OpenPort(class QString)" (?OpenPort@SerialPortUI@@QEAA_NVQString@@@Z) 中被引用
serialportui.obj : error LNK2001: 无法解析的外部符号 "protected: virtual void __cdecl QWidget::actionEvent(class QActionEvent *)" (?actionEvent@QWidget@@MEAAXPEAVQActionEvent@@@Z)
serialportui.obj : error LNK2001: 无法解析的外部符号 "public: virtual void __cdecl QBoxLayout::addItem(class QLayoutItem *)" (?addItem@QBoxLayout@@UEAAXPEAVQLayoutItem@@@Z)
serialportui.obj : error LNK2001: 无法解析的外部符号 "protected: virtual void __cdecl QAbstractButton::changeEvent(class QEvent *)" (?changeEvent@QAbstractButton@@MEAAXPEAVQEvent@@@Z)
serialportui.obj : error LNK2001: 无法解析的外部符号 "protected: virtual void __cdecl QComboBox::changeEvent(class QEvent *)" (?changeEvent@QComboBox@@MEAAXPEAVQEvent@@@Z)
serialportui.obj : error LNK2001: 无法解析的外部符号 "protected: virtual void __cdecl QLabel::changeEvent(class QEvent *)" (?changeEvent@QLabel@@MEAAXPEAVQEvent@@@Z)
serialportui.obj : error LNK2001: 无法解析的外部符号 "protected: virtual void __cdecl QLineEdit::changeEvent(class QEvent *)" (?changeEvent@QLineEdit@@MEAAXPEAVQEvent@@@Z)
serialportui.obj : error LNK2001: 无法解析的外部符号 "protected: virtual void __cdecl QWidget::changeEvent(class QEvent *)" (?changeEvent@QWidget@@MEAAXPEAVQEvent@@@Z)
serialportui.obj : error LNK2001: 无法解析的外部符号 "protected: virtual void __cdecl QAbstractButton::checkStateSet(void)" (?checkStateSet@QAbstractButton@@MEAAXXZ)
serialportui.obj : error LNK2001: 无法解析的外部符号 "protected: virtual void __cdecl QCheckBox::checkStateSet(void)" (?checkStateSet@QCheckBox@@MEAAXXZ)
serialportui.obj : error LNK2001: 无法解析的外部符号 "protected: virtual void __cdecl QLayout::childEvent(class QChildEvent *)" (?childEvent@QLayout@@MEAAXPEAVQChildEvent@@@Z)
serialportui.obj : error LNK2001: 无法解析的外部符号 "protected: virtual void __cdecl QWidget::closeEvent(class QCloseEvent *)" (?closeEvent@QWidget@@MEAAXPEAVQCloseEvent@@@Z)
serialportui.obj : error LNK2001: 无法解析的外部符号 "protected: virtual void __cdecl QComboBox::contextMenuEvent(class QContextMenuEvent *)" (?contextMenuEvent@QComboBox@@MEAAXPEAVQContextMenuEvent@@@Z)
serialportui.obj : error LNK2001: 无法解析的外部符号 "protected: virtual void __cdecl QLabel::contextMenuEvent(class QContextMenuEvent *)" (?contextMenuEvent@QLabel@@MEAAXPEAVQContextMenuEvent@@@Z)
serialportui.obj : error LNK2001: 无法解析的外部符号 "protected: virtual void __cdecl QLineEdit::contextMenuEvent(class QContextMenuEvent *)" (?contextMenuEvent@QLineEdit@@MEAAXPEAVQContextMenuEvent@@@Z)
serialportui.obj : error LNK2001: 无法解析的外部符号 "protected: virtual void __cdecl QWidget::contextMenuEvent(class QContextMenuEvent *)" (?contextMenuEvent@QWidget@@MEAAXPEAVQContextMenuEvent@@@Z)
serialportui.obj : error LNK2001: 无法解析的外部符号 "public: virtual class QFlags<enum QSizePolicy::ControlType> __cdecl QLayout::controlTypes(void)const " (?controlTypes@QLayout@@UEBA?AV?$QFlags@W4ControlType@QSizePolicy@@@@XZ)
serialportui.obj : error LNK2001: 无法解析的外部符号 "public: virtual class QFlags<enum QSizePolicy::ControlType> __cdecl QLayoutItem::controlTypes(void)const " (?controlTypes@QLayoutItem@@UEBA?AV?$QFlags@W4ControlType@QSizePolicy@@@@XZ)
serialportui.obj : error LNK2001: 无法解析的外部符号 "public: virtual int __cdecl QBoxLayout::count(void)const " (?count@QBoxLayout@@UEBAHXZ)
serialportui.obj : error LNK2001: 无法解析的外部符号 "public: virtual int __cdecl QWidget::devType(void)const " (?devType@QWidget@@UEBAHXZ)
serialportui.obj : error LNK2001: 无法解析的外部符号 "protected: virtual void __cdecl QLineEdit::dragEnterEvent(class QDragEnterEvent *)" (?dragEnterEvent@QLineEdit@@MEAAXPEAVQDragEnterEvent@@@Z)
serialportui.obj : error LNK2001: 无法解析的外部符号 "protected: virtual void __cdecl QWidget::dragEnterEvent(class QDragEnterEvent *)" (?dragEnterEvent@QWidget@@MEAAXPEAVQDragEnterEvent@@@Z)
serialportui.obj : error LNK2001: 无法解析的外部符号 "protected: virtual void __cdecl QLineEdit::dragLeaveEvent(class QDragLeaveEvent *)" (?dragLeaveEvent@QLineEdit@@MEAAXPEAVQDragLeaveEvent@@@Z)
serialportui.obj : error LNK2001: 无法解析的外部符号 "protected: virtual void __cdecl QWidget::dragLeaveEvent(class QDragLeaveEvent *)" (?dragLeaveEvent@QWidget@@MEAAXPEAVQDragLeaveEvent@@@Z)
serialportui.obj : error LNK2001: 无法解析的外部符号 "protected: virtual void __cdecl QLineEdit::dragMoveEvent(class QDragMoveEvent *)" (?dragMoveEvent@QLineEdit@@MEAAXPEAVQDragMoveEvent@@@Z)
serialportui.obj : error LNK2001: 无法解析的外部符号 "protected: virtual void __cdecl QWidget::dragMoveEvent(class QDragMoveEvent *)" (?dragMoveEvent@QWidget@@MEAAXPEAVQDragMoveEvent@@@Z)
serialportui.obj : error LNK2001: 无法解析的外部符号 "protected: virtual void __cdecl QLineEdit::dropEvent(class QDropEvent *)" (?dropEvent@QLineEdit@@MEAAXPEAVQDropEvent@@@Z)
serialportui.obj : error LNK2001: 无法解析的外部符号 "protected: virtual void __cdecl QWidget::dropEvent(class QDropEvent *)" (?dropEvent@QWidget@@MEAAXPEAVQDropEvent@@@Z)
serialportui.obj : error LNK2001: 无法解析的外部符号 "protected: virtual void __cdecl QWidget::enterEvent(class QEvent *)" (?enterEvent@QWidget@@MEAAXPEAVQEvent@@@Z)
serialportui.obj : error LNK2001: 无法解析的外部符号 "protected: virtual bool __cdecl QCheckBox::event(class QEvent *)" (?event@QCheckBox@@MEAA_NPEAVQEvent@@@Z)
serialportui.obj : error LNK2001: 无法解析的外部符号 "public: virtual bool __cdecl QComboBox::event(class QEvent *)" (?event@QComboBox@@UEAA_NPEAVQEvent@@@Z)
serialportui.obj : error LNK2001: 无法解析的外部符号 "protected: virtual bool __cdecl QLabel::event(class QEvent *)" (?event@QLabel@@MEAA_NPEAVQEvent@@@Z)
serialportui.obj : error LNK2001: 无法解析的外部符号 "public: virtual bool __cdecl QLineEdit::event(class QEvent *)" (?event@QLineEdit@@UEAA_NPEAVQEvent@@@Z)
serialportui.obj : error LNK2001: 无法解析的外部符号 "protected: virtual bool __cdecl QPushButton::event(class QEvent *)" (?event@QPushButton@@MEAA_NPEAVQEvent@@@Z)
serialportui.obj : error LNK2001: 无法解析的外部符号 "protected: virtual bool __cdecl QWidget::event(class QEvent *)" (?event@QWidget@@MEAA_NPEAVQEvent@@@Z)
serialportui.obj : error LNK2001: 无法解析的外部符号 "public: virtual class QFlags<enum Qt::Orientation> __cdecl QBoxLayout::expandingDirections(void)const " (?expandingDirections@QBoxLayout@@UEBA?AV?$QFlags@W4Orientation@Qt@@@@XZ)
serialportui.obj : error LNK2001: 无法解析的外部符号 "public: virtual class QFlags<enum Qt::Orientation> __cdecl QSpacerItem::expandingDirections(void)const " (?expandingDirections@QSpacerItem@@UEBA?AV?$QFlags@W4Orientation@Qt@@@@XZ)
serialportui.obj : error LNK2001: 无法解析的外部符号 "protected: virtual void __cdecl QAbstractButton::focusInEvent(class QFocusEvent *)" (?focusInEvent@QAbstractButton@@MEAAXPEAVQFocusEvent@@@Z)
serialportui.obj : error LNK2001: 无法解析的外部符号 "protected: virtual void __cdecl QComboBox::focusInEvent(class QFocusEvent *)" (?focusInEvent@QComboBox@@MEAAXPEAVQFocusEvent@@@Z)
serialportui.obj : error LNK2001: 无法解析的外部符号 "protected: virtual void __cdecl QLabel::focusInEvent(class QFocusEvent *)" (?focusInEvent@QLabel@@MEAAXPEAVQFocusEvent@@@Z)
serialportui.obj : error LNK2001: 无法解析的外部符号 "protected: virtual void __cdecl QLineEdit::focusInEvent(class QFocusEvent *)" (?focusInEvent@QLineEdit@@MEAAXPEAVQFocusEvent@@@Z)
serialportui.obj : error LNK2001: 无法解析的外部符号 "protected: virtual void __cdecl QPushButton::focusInEvent(class QFocusEvent *)" (?focusInEvent@QPushButton@@MEAAXPEAVQFocusEvent@@@Z)
serialportui.obj : error LNK2001: 无法解析的外部符号 "protected: virtual void __cdecl QWidget::focusInEvent(class QFocusEvent *)" (?focusInEvent@QWidget@@MEAAXPEAVQFocusEvent@@@Z)
serialportui.obj : error LNK2001: 无法解析的外部符号 "protected: virtual bool __cdecl QLabel::focusNextPrevChild(bool)" (?focusNextPrevChild@QLabel@@MEAA_N_N@Z)
serialportui.obj : error LNK2001: 无法解析的外部符号 "protected: virtual bool __cdecl QWidget::focusNextPrevChild(bool)" (?focusNextPrevChild@QWidget@@MEAA_N_N@Z)
serialportui.obj : error LNK2001: 无法解析的外部符号 "protected: virtual void __cdecl QAbstractButton::focusOutEvent(class QFocusEvent *)" (?focusOutEvent@QAbstractButton@@MEAAXPEAVQFocusEvent@@@Z)
serialportui.obj : error LNK2001: 无法解析的外部符号 "protected: virtual void __cdecl QComboBox::focusOutEvent(class QFocusEvent *)" (?focusOutEvent@QComboBox@@MEAAXPEAVQFocusEvent@@@Z)
serialportui.obj : error LNK2001: 无法解析的外部符号 "protected: virtual void __cdecl QLabel::focusOutEvent(class QFocusEvent *)" (?focusOutEvent@QLabel@@MEAAXPEAVQFocusEvent@@@Z)
serialportui.obj : error LNK2001: 无法解析的外部符号 "protected: virtual void __cdecl QLineEdit::focusOutEvent(class QFocusEvent *)" (?focusOutEvent@QLineEdit@@MEAAXPEAVQFocusEvent@@@Z)
serialportui.obj : error LNK2001: 无法解析的外部符号 "protected: virtual void __cdecl QPushButton::focusOutEvent(class QFocusEvent *)" (?focusOutEvent@QPushButton@@MEAAXPEAVQFocusEvent@@@Z)
serialportui.obj : error LNK2001: 无法解析的外部符号 "protected: virtual void __cdecl QWidget::focusOutEvent(class QFocusEvent *)" (?focusOutEvent@QWidget@@MEAAXPEAVQFocusEvent@@@Z)
serialportui.obj : error LNK2001: 无法解析的外部符号 "public: virtual class QRect __cdecl QLayout::geometry(void)const " (?geometry@QLayout@@UEBA?AVQRect@@XZ)
serialportui.obj : error LNK2001: 无法解析的外部符号 "public: virtual class QRect __cdecl QSpacerItem::geometry(void)const " (?geometry@QSpacerItem@@UEBA?AVQRect@@XZ)
serialportui.obj : error LNK2001: 无法解析的外部符号 "public: virtual bool __cdecl QBoxLayout::hasHeightForWidth(void)const " (?hasHeightForWidth@QBoxLayout@@UEBA_NXZ)
serialportui.obj : error LNK2001: 无法解析的外部符号 "public: virtual bool __cdecl QLayoutItem::hasHeightForWidth(void)const " (?hasHeightForWidth@QLayoutItem@@UEBA_NXZ)
serialportui.obj : error LNK2001: 无法解析的外部符号 "public: virtual bool __cdecl QWidget::hasHeightForWidth(void)const " (?hasHeightForWidth@QWidget@@UEBA_NXZ)
serialportui.obj : error LNK2001: 无法解析的外部符号 "public: virtual int __cdecl QBoxLayout::heightForWidth(int)const " (?heightForWidth@QBoxLayout@@UEBAHH@Z)
serialportui.obj : error LNK2001: 无法解析的外部符号 "public: virtual int __cdecl QLabel::heightForWidth(int)const " (?heightForWidth@QLabel@@UEBAHH@Z)
serialportui.obj : error LNK2001: 无法解析的外部符号 "public: virtual int __cdecl QLayoutItem::heightForWidth(int)const " (?heightForWidth@QLayoutItem@@UEBAHH@Z)
serialportui.obj : error LNK2001: 无法解析的外部符号 "public: virtual int __cdecl QWidget::heightForWidth(int)const " (?heightForWidth@QWidget@@UEBAHH@Z)
serialportui.obj : error LNK2001: 无法解析的外部符号 "protected: virtual void __cdecl QComboBox::hideEvent(class QHideEvent *)" (?hideEvent@QComboBox@@MEAAXPEAVQHideEvent@@@Z)
serialportui.obj : error LNK2001: 无法解析的外部符号 "protected: virtual void __cdecl QWidget::hideEvent(class QHideEvent *)" (?hideEvent@QWidget@@MEAAXPEAVQHideEvent@@@Z)
serialportui.obj : error LNK2001: 无法解析的外部符号 "public: virtual void __cdecl QComboBox::hidePopup(void)" (?hidePopup@QComboBox@@UEAAXXZ)
serialportui.obj : error LNK2001: 无法解析的外部符号 "protected: virtual bool __cdecl QAbstractButton::hitButton(class QPoint const &)const " (?hitButton@QAbstractButton@@MEBA_NAEBVQPoint@@@Z)
serialportui.obj : error LNK2001: 无法解析的外部符号 "protected: virtual bool __cdecl QCheckBox::hitButton(class QPoint const &)const " (?hitButton@QCheckBox@@MEBA_NAEBVQPoint@@@Z)
serialportui.obj : error LNK2001: 无法解析的外部符号 "public: virtual int __cdecl QLayout::indexOf(class QWidget *)const " (?indexOf@QLayout@@UEBAHPEAVQWidget@@@Z)
serialportui.obj : error LNK2001: 无法解析的外部符号 "protected: virtual void __cdecl QWidget::initPainter(class QPainter *)const " (?initPainter@QWidget@@MEBAXPEAVQPainter@@@Z)
serialportui.obj : error LNK2001: 无法解析的外部符号 "protected: virtual void __cdecl QComboBox::inputMethodEvent(class QInputMethodEvent *)" (?inputMethodEvent@QComboBox@@MEAAXPEAVQInputMethodEvent@@@Z)
serialportui.obj : error LNK2001: 无法解析的外部符号 "protected: virtual void __cdecl QLineEdit::inputMethodEvent(class QInputMethodEvent *)" (?inputMethodEvent@QLineEdit@@MEAAXPEAVQInputMethodEvent@@@Z)
serialportui.obj : error LNK2001: 无法解析的外部符号 "protected: virtual void __cdecl QWidget::inputMethodEvent(class QInputMethodEvent *)" (?inputMethodEvent@QWidget@@MEAAXPEAVQInputMethodEvent@@@Z)
serialportui.obj : error LNK2001: 无法解析的外部符号 "public: virtual class QVariant __cdecl QComboBox::inputMethodQuery(enum Qt::InputMethodQuery)const " (?inputMethodQuery@QComboBox@@UEBA?AVQVariant@@W4InputMethodQuery@Qt@@@Z)
serialportui.obj : error LNK2001: 无法解析的外部符号 "public: virtual class QVariant __cdecl QLineEdit::inputMethodQuery(enum Qt::InputMethodQuery)const " (?inputMethodQuery@QLineEdit@@UEBA?AVQVariant@@W4InputMethodQuery@Qt@@@Z)
serialportui.obj : error LNK2001: 无法解析的外部符号 "public: virtual class QVariant __cdecl QWidget::inputMethodQuery(enum Qt::InputMethodQuery)const " (?inputMethodQuery@QWidget@@UEBA?AVQVariant@@W4InputMethodQuery@Qt@@@Z)
serialportui.obj : error LNK2001: 无法解析的外部符号 "public: virtual void __cdecl QBoxLayout::invalidate(void)" (?invalidate@QBoxLayout@@UEAAXXZ)
serialportui.obj : error LNK2001: 无法解析的外部符号 "public: virtual void __cdecl QLayoutItem::invalidate(void)" (?invalidate@QLayoutItem@@UEAAXXZ)
serialportui.obj : error LNK2001: 无法解析的外部符号 "public: virtual bool __cdecl QLayout::isEmpty(void)const " (?isEmpty@QLayout@@UEBA_NXZ)
serialportui.obj : error LNK2001: 无法解析的外部符号 "public: virtual bool __cdecl QSpacerItem::isEmpty(void)const " (?isEmpty@QSpacerItem@@UEBA_NXZ)
serialportui.obj : error LNK2001: 无法解析的外部符号 "public: virtual class QLayoutItem * __cdecl QBoxLayout::itemAt(int)const " (?itemAt@QBoxLayout@@UEBAPEAVQLayoutItem@@H@Z)
serialportui.obj : error LNK2001: 无法解析的外部符号 "protected: virtual void __cdecl QAbstractButton::keyPressEvent(class QKeyEvent *)" (?keyPressEvent@QAbstractButton@@MEAAXPEAVQKeyEvent@@@Z)
serialportui.obj : error LNK2001: 无法解析的外部符号 "protected: virtual void __cdecl QComboBox::keyPressEvent(class QKeyEvent *)" (?keyPressEvent@QComboBox@@MEAAXPEAVQKeyEvent@@@Z)
serialportui.obj : error LNK2001: 无法解析的外部符号 "protected: virtual void __cdecl QLabel::keyPressEvent(class QKeyEvent *)" (?keyPressEvent@QLabel@@MEAAXPEAVQKeyEvent@@@Z)
serialportui.obj : error LNK2001: 无法解析的外部符号 "protected: virtual void __cdecl QLineEdit::keyPressEvent(class QKeyEvent *)" (?keyPressEvent@QLineEdit@@MEAAXPEAVQKeyEvent@@@Z)
serialportui.obj : error LNK2001: 无法解析的外部符号 "protected: virtual void __cdecl QPushButton::keyPressEvent(class QKeyEvent *)" (?keyPressEvent@QPushButton@@MEAAXPEAVQKeyEvent@@@Z)
serialportui.obj : error LNK2001: 无法解析的外部符号 "protected: virtual void __cdecl QWidget::keyPressEvent(class QKeyEvent *)" (?keyPressEvent@QWidget@@MEAAXPEAVQKeyEvent@@@Z)
serialportui.obj : error LNK2001: 无法解析的外部符号 "protected: virtual void __cdecl QAbstractButton::keyReleaseEvent(class QKeyEvent *)" (?keyReleaseEvent@QAbstractButton@@MEAAXPEAVQKeyEvent@@@Z)
serialportui.obj : error LNK2001: 无法解析的外部符号 "protected: virtual void __cdecl QComboBox::keyReleaseEvent(class QKeyEvent *)" (?keyReleaseEvent@QComboBox@@MEAAXPEAVQKeyEvent@@@Z)
serialportui.obj : error LNK2001: 无法解析的外部符号 "protected: virtual void __cdecl QWidget::keyReleaseEvent(class QKeyEvent *)" (?keyReleaseEvent@QWidget@@MEAAXPEAVQKeyEvent@@@Z)
serialportui.obj : error LNK2001: 无法解析的外部符号 "public: virtual class QLayout * __cdecl QLayout::layout(void)" (?layout@QLayout@@UEAAPEAV1@XZ)
serialportui.obj : error LNK2001: 无法解析的外部符号 "public: virtual class QLayout * __cdecl QLayoutItem::layout(void)" (?layout@QLayoutItem@@UEAAPEAVQLayout@@XZ)
serialportui.obj : error LNK2001: 无法解析的外部符号 "protected: virtual void __cdecl QWidget::leaveEvent(class QEvent *)" (?leaveEvent@QWidget@@MEAAXPEAVQEvent@@@Z)
serialportui.obj : error LNK2001: 无法解析的外部符号 "public: virtual class QSize __cdecl QBoxLayout::maximumSize(void)const " (?maximumSize@QBoxLayout@@UEBA?AVQSize@@XZ)
serialportui.obj : error LNK2001: 无法解析的外部符号 "public: virtual class QSize __cdecl QSpacerItem::maximumSize(void)const " (?maximumSize@QSpacerItem@@UEBA?AVQSize@@XZ)
serialportui.obj : error LNK2001: 无法解析的外部符号 "public: virtual struct QMetaObject const * __cdecl QCheckBox::metaObject(void)const " (?metaObject@QCheckBox@@UEBAPEBUQMetaObject@@XZ)
serialportui.obj : error LNK2001: 无法解析的外部符号 "public: virtual struct QMetaObject const * __cdecl QComboBox::metaObject(void)const " (?metaObject@QComboBox@@UEBAPEBUQMetaObject@@XZ)
serialportui.obj : error LNK2001: 无法解析的外部符号 "public: virtual struct QMetaObject const * __cdecl QHBoxLayout::metaObject(void)const " (?metaObject@QHBoxLayout@@UEBAPEBUQMetaObject@@XZ)
serialportui.obj : error LNK2001: 无法解析的外部符号 "public: virtual struct QMetaObject const * __cdecl QLabel::metaObject(void)const " (?metaObject@QLabel@@UEBAPEBUQMetaObject@@XZ)
serialportui.obj : error LNK2001: 无法解析的外部符号 "public: virtual struct QMetaObject const * __cdecl QLineEdit::metaObject(void)const " (?metaObject@QLineEdit@@UEBAPEBUQMetaObject@@XZ)
serialportui.obj : error LNK2001: 无法解析的外部符号 "public: virtual struct QMetaObject const * __cdecl QPushButton::metaObject(void)const " (?metaObject@QPushButton@@UEBAPEBUQMetaObject@@XZ)
serialportui.obj : error LNK2001: 无法解析的外部符号 "public: virtual struct QMetaObject const * __cdecl QVBoxLayout::metaObject(void)const " (?metaObject@QVBoxLayout@@UEBAPEBUQMetaObject@@XZ)
serialportui.obj : error LNK2001: 无法解析的外部符号 "protected: virtual int __cdecl QWidget::metric(enum QPaintDevice::PaintDeviceMetric)const " (?metric@QWidget@@MEBAHW4PaintDeviceMetric@QPaintDevice@@@Z)
serialportui.obj : error LNK2001: 无法解析的外部符号 "public: virtual int __cdecl QBoxLayout::minimumHeightForWidth(int)const " (?minimumHeightForWidth@QBoxLayout@@UEBAHH@Z)
serialportui.obj : error LNK2001: 无法解析的外部符号 "public: virtual int __cdecl QLayoutItem::minimumHeightForWidth(int)const " (?minimumHeightForWidth@QLayoutItem@@UEBAHH@Z)
serialportui.obj : error LNK2001: 无法解析的外部符号 "public: virtual class QSize __cdecl QBoxLayout::minimumSize(void)const " (?minimumSize@QBoxLayout@@UEBA?AVQSize@@XZ)
serialportui.obj : error LNK2001: 无法解析的外部符号 "public: virtual class QSize __cdecl QSpacerItem::minimumSize(void)const " (?minimumSize@QSpacerItem@@UEBA?AVQSize@@XZ)
serialportui.obj : error LNK2001: 无法解析的外部符号 "public: virtual class QSize __cdecl QCheckBox::minimumSizeHint(void)const " (?minimumSizeHint@QCheckBox@@UEBA?AVQSize@@XZ)
serialportui.obj : error LNK2001: 无法解析的外部符号 "public: virtual class QSize __cdecl QComboBox::minimumSizeHint(void)const " (?minimumSizeHint@QComboBox@@UEBA?AVQSize@@XZ)
serialportui.obj : error LNK2001: 无法解析的外部符号 "public: virtual class QSize __cdecl QLabel::minimumSizeHint(void)const " (?minimumSizeHint@QLabel@@UEBA?AVQSize@@XZ)
serialportui.obj : error LNK2001: 无法解析的外部符号 "public: virtual class QSize __cdecl QLineEdit::minimumSizeHint(void)const " (?minimumSizeHint@QLineEdit@@UEBA?AVQSize@@XZ)
serialportui.obj : error LNK2001: 无法解析的外部符号 "public: virtual class QSize __cdecl QPushButton::minimumSizeHint(void)const " (?minimumSizeHint@QPushButton@@UEBA?AVQSize@@XZ)
serialportui.obj : error LNK2001: 无法解析的外部符号 "public: virtual class QSize __cdecl QWidget::minimumSizeHint(void)const " (?minimumSizeHint@QWidget@@UEBA?AVQSize@@XZ)
serialportui.obj : error LNK2001: 无法解析的外部符号 "protected: virtual void __cdecl QLineEdit::mouseDoubleClickEvent(class QMouseEvent *)" (?mouseDoubleClickEvent@QLineEdit@@MEAAXPEAVQMouseEvent@@@Z)
serialportui.obj : error LNK2001: 无法解析的外部符号 "protected: virtual void __cdecl QWidget::mouseDoubleClickEvent(class QMouseEvent *)" (?mouseDoubleClickEvent@QWidget@@MEAAXPEAVQMouseEvent@@@Z)
serialportui.obj : error LNK2001: 无法解析的外部符号 "protected: virtual void __cdecl QAbstractButton::mouseMoveEvent(class QMouseEvent *)" (?mouseMoveEvent@QAbstractButton@@MEAAXPEAVQMouseEvent@@@Z)
serialportui.obj : error LNK2001: 无法解析的外部符号 "protected: virtual void __cdecl QCheckBox::mouseMoveEvent(class QMouseEvent *)" (?mouseMoveEvent@QCheckBox@@MEAAXPEAVQMouseEvent@@@Z)
serialportui.obj : error LNK2001: 无法解析的外部符号 "protected: virtual void __cdecl QLabel::mouseMoveEvent(class QMouseEvent *)" (?mouseMoveEvent@QLabel@@MEAAXPEAVQMouseEvent@@@Z)
serialportui.obj : error LNK2001: 无法解析的外部符号 "protected: virtual void __cdecl QLineEdit::mouseMoveEvent(class QMouseEvent *)" (?mouseMoveEvent@QLineEdit@@MEAAXPEAVQMouseEvent@@@Z)
serialportui.obj : error LNK2001: 无法解析的外部符号 "protected: virtual void __cdecl QWidget::mouseMoveEvent(class QMouseEvent *)" (?mouseMoveEvent@QWidget@@MEAAXPEAVQMouseEvent@@@Z)
serialportui.obj : error LNK2001: 无法解析的外部符号 "protected: virtual void __cdecl QAbstractButton::mousePressEvent(class QMouseEvent *)" (?mousePressEvent@QAbstractButton@@MEAAXPEAVQMouseEvent@@@Z)
serialportui.obj : error LNK2001: 无法解析的外部符号 "protected: virtual void __cdecl QComboBox::mousePressEvent(class QMouseEvent *)" (?mousePressEvent@QComboBox@@MEAAXPEAVQMouseEvent@@@Z)
serialportui.obj : error LNK2001: 无法解析的外部符号 "protected: virtual void __cdecl QLabel::mousePressEvent(class QMouseEvent *)" (?mousePressEvent@QLabel@@MEAAXPEAVQMouseEvent@@@Z)
serialportui.obj : error LNK2001: 无法解析的外部符号 "protected: virtual void __cdecl QLineEdit::mousePressEvent(class QMouseEvent *)" (?mousePressEvent@QLineEdit@@MEAAXPEAVQMouseEvent@@@Z)
serialportui.obj : error LNK2001: 无法解析的外部符号 "protected: virtual void __cdecl QWidget::mousePressEvent(class QMouseEvent *)" (?mousePressEvent@QWidget@@MEAAXPEAVQMouseEvent@@@Z)
serialportui.obj : error LNK2001: 无法解析的外部符号 "protected: virtual void __cdecl QAbstractButton::mouseReleaseEvent(class QMouseEvent *)" (?mouseReleaseEvent@QAbstractButton@@MEAAXPEAVQMouseEvent@@@Z)
serialportui.obj : error LNK2001: 无法解析的外部符号 "protected: virtual void __cdecl QComboBox::mouseReleaseEvent(class QMouseEvent *)" (?mouseReleaseEvent@QComboBox@@MEAAXPEAVQMouseEvent@@@Z)
serialportui.obj : error LNK2001: 无法解析的外部符号 "protected: virtual void __cdecl QLabel::mouseReleaseEvent(class QMouseEvent *)" (?mouseReleaseEvent@QLabel@@MEAAXPEAVQMouseEvent@@@Z)
serialportui.obj : error LNK2001: 无法解析的外部符号 "protected: virtual void __cdecl QLineEdit::mouseReleaseEvent(class QMouseEvent *)" (?mouseReleaseEvent@QLineEdit@@MEAAXPEAVQMouseEvent@@@Z)
serialportui.obj : error LNK2001: 无法解析的外部符号 "protected: virtual void __cdecl QWidget::mouseReleaseEvent(class QMouseEvent *)" (?mouseReleaseEvent@QWidget@@MEAAXPEAVQMouseEvent@@@Z)
serialportui.obj : error LNK2001: 无法解析的外部符号 "protected: virtual void __cdecl QWidget::moveEvent(class QMoveEvent *)" (?moveEvent@QWidget@@MEAAXPEAVQMoveEvent@@@Z)
serialportui.obj : error LNK2001: 无法解析的外部符号 "protected: virtual bool __cdecl QWidget::nativeEvent(class QByteArray const &,void *,long *)" (?nativeEvent@QWidget@@MEAA_NAEBVQByteArray@@PEAXPEAJ@Z)
serialportui.obj : error LNK2001: 无法解析的外部符号 "protected: virtual void __cdecl QAbstractButton::nextCheckState(void)" (?nextCheckState@QAbstractButton@@MEAAXXZ)
serialportui.obj : error LNK2001: 无法解析的外部符号 "protected: virtual void __cdecl QCheckBox::nextCheckState(void)" (?nextCheckState@QCheckBox@@MEAAXXZ)
serialportui.obj : error LNK2001: 无法解析的外部符号 "public: virtual class QPaintEngine * __cdecl QWidget::paintEngine(void)const " (?paintEngine@QWidget@@UEBAPEAVQPaintEngine@@XZ)
serialportui.obj : error LNK2001: 无法解析的外部符号 "protected: virtual void __cdecl QCheckBox::paintEvent(class QPaintEvent *)" (?paintEvent@QCheckBox@@MEAAXPEAVQPaintEvent@@@Z)
serialportui.obj : error LNK2001: 无法解析的外部符号 "protected: virtual void __cdecl QComboBox::paintEvent(class QPaintEvent *)" (?paintEvent@QComboBox@@MEAAXPEAVQPaintEvent@@@Z)
serialportui.obj : error LNK2001: 无法解析的外部符号 "protected: virtual void __cdecl QLabel::paintEvent(class QPaintEvent *)" (?paintEvent@QLabel@@MEAAXPEAVQPaintEvent@@@Z)
serialportui.obj : error LNK2001: 无法解析的外部符号 "protected: virtual void __cdecl QLineEdit::paintEvent(class QPaintEvent *)" (?paintEvent@QLineEdit@@MEAAXPEAVQPaintEvent@@@Z)
serialportui.obj : error LNK2001: 无法解析的外部符号 "protected: virtual void __cdecl QPushButton::paintEvent(class QPaintEvent *)" (?paintEvent@QPushButton@@MEAAXPEAVQPaintEvent@@@Z)
serialportui.obj : error LNK2001: 无法解析的外部符号 "protected: virtual void __cdecl QWidget::paintEvent(class QPaintEvent *)" (?paintEvent@QWidget@@MEAAXPEAVQPaintEvent@@@Z)
serialportui.obj : error LNK2001: 无法解析的外部符号 "public: virtual int __cdecl QCheckBox::qt_metacall(enum QMetaObject::Call,int,void * *)" (?qt_metacall@QCheckBox@@UEAAHW4Call@QMetaObject@@HPEAPEAX@Z)
serialportui.obj : error LNK2001: 无法解析的外部符号 "public: virtual int __cdecl QComboBox::qt_metacall(enum QMetaObject::Call,int,void * *)" (?qt_metacall@QComboBox@@UEAAHW4Call@QMetaObject@@HPEAPEAX@Z)
serialportui.obj : error LNK2001: 无法解析的外部符号 "public: virtual int __cdecl QHBoxLayout::qt_metacall(enum QMetaObject::Call,int,void * *)" (?qt_metacall@QHBoxLayout@@UEAAHW4Call@QMetaObject@@HPEAPEAX@Z)
serialportui.obj : error LNK2001: 无法解析的外部符号 "public: virtual int __cdecl QLabel::qt_metacall(enum QMetaObject::Call,int,void * *)" (?qt_metacall@QLabel@@UEAAHW4Call@QMetaObject@@HPEAPEAX@Z)
serialportui.obj : error LNK2001: 无法解析的外部符号 "public: virtual int __cdecl QLineEdit::qt_metacall(enum QMetaObject::Call,int,void * *)" (?qt_metacall@QLineEdit@@UEAAHW4Call@QMetaObject@@HPEAPEAX@Z)
serialportui.obj : error LNK2001: 无法解析的外部符号 "public: virtual int __cdecl QPushButton::qt_metacall(enum QMetaObject::Call,int,void * *)" (?qt_metacall@QPushButton@@UEAAHW4Call@QMetaObject@@HPEAPEAX@Z)
serialportui.obj : error LNK2001: 无法解析的外部符号 "public: virtual int __cdecl QVBoxLayout::qt_metacall(enum QMetaObject::Call,int,void * *)" (?qt_metacall@QVBoxLayout@@UEAAHW4Call@QMetaObject@@HPEAPEAX@Z)
serialportui.obj : error LNK2001: 无法解析的外部符号 "public: virtual void * __cdecl QCheckBox::qt_metacast(char const *)" (?qt_metacast@QCheckBox@@UEAAPEAXPEBD@Z)
serialportui.obj : error LNK2001: 无法解析的外部符号 "public: virtual void * __cdecl QComboBox::qt_metacast(char const *)" (?qt_metacast@QComboBox@@UEAAPEAXPEBD@Z)
serialportui.obj : error LNK2001: 无法解析的外部符号 "public: virtual void * __cdecl QHBoxLayout::qt_metacast(char const *)" (?qt_metacast@QHBoxLayout@@UEAAPEAXPEBD@Z)
serialportui.obj : error LNK2001: 无法解析的外部符号 "public: virtual void * __cdecl QLabel::qt_metacast(char const *)" (?qt_metacast@QLabel@@UEAAPEAXPEBD@Z)
serialportui.obj : error LNK2001: 无法解析的外部符号 "public: virtual void * __cdecl QLineEdit::qt_metacast(char const *)" (?qt_metacast@QLineEdit@@UEAAPEAXPEBD@Z)
serialportui.obj : error LNK2001: 无法解析的外部符号 "public: virtual void * __cdecl QPushButton::qt_metacast(char const *)" (?qt_metacast@QPushButton@@UEAAPEAXPEBD@Z)
serialportui.obj : error LNK2001: 无法解析的外部符号 "public: virtual void * __cdecl QVBoxLayout::qt_metacast(char const *)" (?qt_metacast@QVBoxLayout@@UEAAPEAXPEBD@Z)
serialportui.obj : error LNK2001: 无法解析的外部符号 "protected: virtual class QPaintDevice * __cdecl QWidget::redirected(class QPoint *)const " (?redirected@QWidget@@MEBAPEAVQPaintDevice@@PEAVQPoint@@@Z)
serialportui.obj : error LNK2001: 无法解析的外部符号 "protected: virtual void __cdecl QComboBox::resizeEvent(class QResizeEvent *)" (?resizeEvent@QComboBox@@MEAAXPEAVQResizeEvent@@@Z)
serialportui.obj : error LNK2001: 无法解析的外部符号 "protected: virtual void __cdecl QWidget::resizeEvent(class QResizeEvent *)" (?resizeEvent@QWidget@@MEAAXPEAVQResizeEvent@@@Z)
serialportui.obj : error LNK2001: 无法解析的外部符号 "public: virtual void __cdecl QBoxLayout::setGeometry(class QRect const &)" (?setGeometry@QBoxLayout@@UEAAXAEBVQRect@@@Z)
serialportui.obj : error LNK2001: 无法解析的外部符号 "public: virtual void __cdecl QSpacerItem::setGeometry(class QRect const &)" (?setGeometry@QSpacerItem@@UEAAXAEBVQRect@@@Z)
serialportui.obj : error LNK2001: 无法解析的外部符号 "public: virtual void __cdecl QWidget::setVisible(bool)" (?setVisible@QWidget@@UEAAX_N@Z)
serialportui.obj : error LNK2001: 无法解析的外部符号 "protected: virtual class QPainter * __cdecl QWidget::sharedPainter(void)const " (?sharedPainter@QWidget@@MEBAPEAVQPainter@@XZ)
serialportui.obj : error LNK2001: 无法解析的外部符号 "protected: virtual void __cdecl QComboBox::showEvent(class QShowEvent *)" (?showEvent@QComboBox@@MEAAXPEAVQShowEvent@@@Z)
serialportui.obj : error LNK2001: 无法解析的外部符号 "protected: virtual void __cdecl QWidget::showEvent(class QShowEvent *)" (?showEvent@QWidget@@MEAAXPEAVQShowEvent@@@Z)
serialportui.obj : error LNK2001: 无法解析的外部符号 "public: virtual void __cdecl QComboBox::showPopup(void)" (?showPopup@QComboBox@@UEAAXXZ)
serialportui.obj : error LNK2001: 无法解析的外部符号 "public: virtual class QSize __cdecl QBoxLayout::sizeHint(void)const " (?sizeHint@QBoxLayout@@UEBA?AVQSize@@XZ)
serialportui.obj : error LNK2001: 无法解析的外部符号 "public: virtual class QSize __cdecl QCheckBox::sizeHint(void)const " (?sizeHint@QCheckBox@@UEBA?AVQSize@@XZ)
serialportui.obj : error LNK2001: 无法解析的外部符号 "public: virtual class QSize __cdecl QComboBox::sizeHint(void)const " (?sizeHint@QComboBox@@UEBA?AVQSize@@XZ)
serialportui.obj : error LNK2001: 无法解析的外部符号 "public: virtual class QSize __cdecl QLabel::sizeHint(void)const " (?sizeHint@QLabel@@UEBA?AVQSize@@XZ)
serialportui.obj : error LNK2001: 无法解析的外部符号 "public: virtual class QSize __cdecl QLineEdit::sizeHint(void)const " (?sizeHint@QLineEdit@@UEBA?AVQSize@@XZ)
serialportui.obj : error LNK2001: 无法解析的外部符号 "public: virtual class QSize __cdecl QPushButton::sizeHint(void)const " (?sizeHint@QPushButton@@UEBA?AVQSize@@XZ)
serialportui.obj : error LNK2001: 无法解析的外部符号 "public: virtual class QSize __cdecl QSpacerItem::sizeHint(void)const " (?sizeHint@QSpacerItem@@UEBA?AVQSize@@XZ)
serialportui.obj : error LNK2001: 无法解析的外部符号 "public: virtual class QSize __cdecl QWidget::sizeHint(void)const " (?sizeHint@QWidget@@UEBA?AVQSize@@XZ)
serialportui.obj : error LNK2001: 无法解析的外部符号 "public: virtual class QSpacerItem * __cdecl QLayoutItem::spacerItem(void)" (?spacerItem@QLayoutItem@@UEAAPEAVQSpacerItem@@XZ)
serialportui.obj : error LNK2001: 无法解析的外部符号 "public: virtual class QSpacerItem * __cdecl QSpacerItem::spacerItem(void)" (?spacerItem@QSpacerItem@@UEAAPEAV1@XZ)
serialportui.obj : error LNK2001: 无法解析的外部符号 "protected: virtual void __cdecl QWidget::tabletEvent(class QTabletEvent *)" (?tabletEvent@QWidget@@MEAAXPEAVQTabletEvent@@@Z)
serialportui.obj : error LNK2001: 无法解析的外部符号 "public: virtual class QLayoutItem * __cdecl QBoxLayout::takeAt(int)" (?takeAt@QBoxLayout@@UEAAPEAVQLayoutItem@@H@Z)
serialportui.obj : error LNK2001: 无法解析的外部符号 "protected: virtual void __cdecl QAbstractButton::timerEvent(class QTimerEvent *)" (?timerEvent@QAbstractButton@@MEAAXPEAVQTimerEvent@@@Z)
serialportui.obj : error LNK2001: 无法解析的外部符号 "protected: virtual void __cdecl QComboBox::wheelEvent(class QWheelEvent *)" (?wheelEvent@QComboBox@@MEAAXPEAVQWheelEvent@@@Z)
serialportui.obj : error LNK2001: 无法解析的外部符号 "protected: virtual void __cdecl QWidget::wheelEvent(class QWheelEvent *)" (?wheelEvent@QWidget@@MEAAXPEAVQWheelEvent@@@Z)
serialportui.obj : error LNK2001: 无法解析的外部符号 "public: virtual class QWidget * __cdecl QLayoutItem::widget(void)" (?widget@QLayoutItem@@UEAAPEAVQWidget@@XZ)
F:\personal\SerialPort\SerialPort\x64\Debug\\SerialPort.exe : fatal error LNK1120: 314 个无法解析的外部命令
